[2025-02-17 21:57:34,314][HYDRA] Launching 4 jobs locally
[2025-02-17 21:57:34,314][HYDRA] 	#0 : job_num=3

Searching for fixed points from 1000 initial states.

	Finding fixed points via joint optimization.
	Iter: 100, q = 1.26e+00 +/- 1.26e-01, dq = 1.37e-01 +/- 1.06e-01, learning rate = 6.63e-01, avg iter time = 7.33e-02 sec.
	Iter: 200, q = 1.13e+00 +/- 1.13e-01, dq = 1.31e-01 +/- 9.63e-02, learning rate = 2.77e-01, avg iter time = 6.90e-02 sec.
	Iter: 300, q = 1.05e+00 +/- 1.05e-01, dq = 1.17e-01 +/- 8.76e-02, learning rate = 1.16e-01, avg iter time = 6.74e-02 sec.
	Iter: 400, q = 1.03e+00 +/- 1.06e-01, dq = 1.15e-01 +/- 8.64e-02, learning rate = 4.16e-02, avg iter time = 6.70e-02 sec.
	Iter: 500, q = 1.01e+00 +/- 1.01e-01, dq = 1.19e-01 +/- 9.04e-02, learning rate = 1.04e-02, avg iter time = 6.47e-02 sec.
	Iter: 600, q = 1.01e+00 +/- 9.71e-02, dq = 1.11e-01 +/- 8.19e-02, learning rate = 2.02e-03, avg iter time = 6.46e-02 sec.
	Iter: 700, q = 1.01e+00 +/- 9.95e-02, dq = 1.17e-01 +/- 8.90e-02, learning rate = 4.11e-04, avg iter time = 6.55e-02 sec.
	Iter: 800, q = 1.00e+00 +/- 1.01e-01, dq = 1.16e-01 +/- 8.52e-02, learning rate = 7.19e-05, avg iter time = 6.56e-02 sec.
	Iter: 900, q = 1.00e+00 +/- 9.98e-02, dq = 1.12e-01 +/- 8.61e-02, learning rate = 1.32e-05, avg iter time = 6.56e-02 sec.
	Iter: 1000, q = 1.00e+00 +/- 9.69e-02, dq = 1.10e-01 +/- 8.25e-02, learning rate = 2.43e-06, avg iter time = 6.56e-02 sec.
	Iter: 1100, q = 1.00e+00 +/- 9.59e-02, dq = 1.10e-01 +/- 8.10e-02, learning rate = 4.26e-07, avg iter time = 6.55e-02 sec.
	Iter: 1200, q = 1.00e+00 +/- 9.96e-02, dq = 1.19e-01 +/- 8.89e-02, learning rate = 1.97e-07, avg iter time = 6.54e-02 sec.
	Iter: 1300, q = 1.00e+00 +/- 1.02e-01, dq = 1.13e-01 +/- 8.57e-02, learning rate = 1.97e-07, avg iter time = 6.53e-02 sec.
	Iter: 1400, q = 1.01e+00 +/- 1.04e-01, dq = 1.13e-01 +/- 8.78e-02, learning rate = 1.97e-07, avg iter time = 6.57e-02 sec.
	Iter: 1500, q = 1.00e+00 +/- 1.01e-01, dq = 1.15e-01 +/- 8.86e-02, learning rate = 1.97e-07, avg iter time = 6.57e-02 sec.
	Iter: 1600, q = 1.00e+00 +/- 9.94e-02, dq = 1.15e-01 +/- 8.58e-02, learning rate = 1.97e-07, avg iter time = 6.53e-02 sec.
	Iter: 1700, q = 1.00e+00 +/- 9.74e-02, dq = 1.06e-01 +/- 8.21e-02, learning rate = 1.97e-07, avg iter time = 6.52e-02 sec.
	Iter: 1800, q = 9.98e-01 +/- 9.96e-02, dq = 1.10e-01 +/- 8.15e-02, learning rate = 1.97e-07, avg iter time = 6.53e-02 sec.
	Iter: 1900, q = 1.00e+00 +/- 1.01e-01, dq = 1.12e-01 +/- 8.51e-02, learning rate = 1.97e-07, avg iter time = 6.54e-02 sec.
	Iter: 2000, q = 1.01e+00 +/- 1.01e-01, dq = 1.13e-01 +/- 8.52e-02, learning rate = 1.97e-07, avg iter time = 6.52e-02 sec.
	Iter: 2100, q = 1.01e+00 +/- 1.01e-01, dq = 1.14e-01 +/- 8.57e-02, learning rate = 1.97e-07, avg iter time = 6.53e-02 sec.
	Iter: 2200, q = 1.01e+00 +/- 9.92e-02, dq = 1.12e-01 +/- 8.46e-02, learning rate = 1.97e-07, avg iter time = 6.54e-02 sec.
	Iter: 2300, q = 1.00e+00 +/- 9.64e-02, dq = 1.12e-01 +/- 8.43e-02, learning rate = 1.97e-07, avg iter time = 6.55e-02 sec.
	Iter: 2400, q = 1.01e+00 +/- 1.09e-01, dq = 1.15e-01 +/- 8.69e-02, learning rate = 1.97e-07, avg iter time = 6.55e-02 sec.
	Iter: 2500, q = 1.00e+00 +/- 9.88e-02, dq = 1.13e-01 +/- 8.65e-02, learning rate = 1.97e-07, avg iter time = 6.52e-02 sec.
	Iter: 2600, q = 1.01e+00 +/- 1.00e-01, dq = 1.15e-01 +/- 8.74e-02, learning rate = 1.97e-07, avg iter time = 6.52e-02 sec.
	Iter: 2700, q = 1.01e+00 +/- 9.98e-02, dq = 1.12e-01 +/- 8.54e-02, learning rate = 1.97e-07, avg iter time = 6.53e-02 sec.
	Iter: 2800, q = 1.01e+00 +/- 9.89e-02, dq = 1.11e-01 +/- 8.51e-02, learning rate = 1.97e-07, avg iter time = 6.54e-02 sec.
	Iter: 2900, q = 1.01e+00 +/- 1.01e-01, dq = 1.13e-01 +/- 8.52e-02, learning rate = 1.97e-07, avg iter time = 6.55e-02 sec.
	Iter: 3000, q = 1.01e+00 +/- 1.04e-01, dq = 1.19e-01 +/- 8.87e-02, learning rate = 1.97e-07, avg iter time = 6.56e-02 sec.
	Iter: 3100, q = 1.01e+00 +/- 1.01e-01, dq = 1.14e-01 +/- 8.57e-02, learning rate = 1.97e-07, avg iter time = 6.56e-02 sec.
	Iter: 3200, q = 1.00e+00 +/- 9.84e-02, dq = 1.14e-01 +/- 8.51e-02, learning rate = 1.97e-07, avg iter time = 6.57e-02 sec.
	Iter: 3300, q = 1.00e+00 +/- 1.03e-01, dq = 1.11e-01 +/- 8.45e-02, learning rate = 1.97e-07, avg iter time = 6.58e-02 sec.
	Iter: 3400, q = 1.01e+00 +/- 9.75e-02, dq = 1.11e-01 +/- 8.55e-02, learning rate = 1.97e-07, avg iter time = 6.58e-02 sec.
	Iter: 3500, q = 1.00e+00 +/- 1.01e-01, dq = 1.12e-01 +/- 8.41e-02, learning rate = 1.97e-07, avg iter time = 6.57e-02 sec.
	Iter: 3600, q = 1.01e+00 +/- 9.96e-02, dq = 1.13e-01 +/- 8.51e-02, learning rate = 1.97e-07, avg iter time = 6.57e-02 sec.
	Iter: 3700, q = 9.98e-01 +/- 1.01e-01, dq = 1.15e-01 +/- 8.49e-02, learning rate = 1.97e-07, avg iter time = 6.57e-02 sec.
	Iter: 3800, q = 1.00e+00 +/- 1.00e-01, dq = 1.12e-01 +/- 8.55e-02, learning rate = 1.97e-07, avg iter time = 6.58e-02 sec.
	Iter: 3900, q = 1.01e+00 +/- 1.05e-01, dq = 1.13e-01 +/- 8.81e-02, learning rate = 1.97e-07, avg iter time = 6.57e-02 sec.
	Iter: 4000, q = 1.01e+00 +/- 1.00e-01, dq = 1.13e-01 +/- 8.54e-02, learning rate = 1.97e-07, avg iter time = 6.57e-02 sec.
	Iter: 4100, q = 9.98e-01 +/- 9.66e-02, dq = 1.10e-01 +/- 8.20e-02, learning rate = 1.97e-07, avg iter time = 6.57e-02 sec.
	Iter: 4200, q = 1.01e+00 +/- 1.01e-01, dq = 1.10e-01 +/- 8.44e-02, learning rate = 1.97e-07, avg iter time = 6.57e-02 sec.
	Iter: 4300, q = 1.00e+00 +/- 9.97e-02, dq = 1.08e-01 +/- 8.44e-02, learning rate = 1.97e-07, avg iter time = 6.57e-02 sec.
	Iter: 4400, q = 1.00e+00 +/- 1.02e-01, dq = 1.16e-01 +/- 9.00e-02, learning rate = 1.97e-07, avg iter time = 6.57e-02 sec.
	Iter: 4500, q = 1.00e+00 +/- 1.03e-01, dq = 1.15e-01 +/- 8.64e-02, learning rate = 1.97e-07, avg iter time = 6.57e-02 sec.
	Iter: 4600, q = 1.00e+00 +/- 1.03e-01, dq = 1.16e-01 +/- 8.83e-02, learning rate = 1.97e-07, avg iter time = 6.55e-02 sec.
	Iter: 4700, q = 1.00e+00 +/- 9.79e-02, dq = 1.10e-01 +/- 8.40e-02, learning rate = 1.97e-07, avg iter time = 6.55e-02 sec.
	Iter: 4800, q = 1.01e+00 +/- 9.88e-02, dq = 1.14e-01 +/- 8.19e-02, learning rate = 1.97e-07, avg iter time = 6.55e-02 sec.
	Iter: 4900, q = 1.01e+00 +/- 1.01e-01, dq = 1.11e-01 +/- 8.24e-02, learning rate = 1.97e-07, avg iter time = 6.55e-02 sec.
	Iter: 5000, q = 1.00e+00 +/- 1.01e-01, dq = 1.14e-01 +/- 8.23e-02, learning rate = 1.97e-07, avg iter time = 6.56e-02 sec.
	Maximum iteration count reached. Terminating.
		5000 iters
		q = 1.00e+00 +/- 1.01e-01
		dq = 1.14e-01 +/- 8.23e-02
		learning rate = 1.97e-07
		avg iter time = 6.56e-02 sec
	Identified 1000 unique fixed points.
		initial_states: 0 outliers detected (of 1000).
		fixed points: 0 outliers detected (of 1000).
	Fixed point finding complete.


Searching for fixed points from 1000 initial states.

	Finding fixed points via joint optimization.
	Iter: 100, q = 1.29e+00 +/- 1.35e-01, dq = 1.47e-01 +/- 1.10e-01, learning rate = 7.35e-01, avg iter time = 6.81e-02 sec.
	Iter: 200, q = 1.16e+00 +/- 1.16e-01, dq = 1.34e-01 +/- 1.01e-01, learning rate = 3.77e-01, avg iter time = 6.92e-02 sec.
	Iter: 300, q = 1.08e+00 +/- 1.09e-01, dq = 1.22e-01 +/- 9.31e-02, learning rate = 1.84e-01, avg iter time = 6.83e-02 sec.
	Iter: 400, q = 1.03e+00 +/- 1.08e-01, dq = 1.21e-01 +/- 9.10e-02, learning rate = 6.60e-02, avg iter time = 6.78e-02 sec.
	Iter: 500, q = 1.02e+00 +/- 1.03e-01, dq = 1.13e-01 +/- 8.37e-02, learning rate = 1.74e-02, avg iter time = 6.75e-02 sec.
	Iter: 600, q = 1.02e+00 +/- 1.05e-01, dq = 1.13e-01 +/- 8.48e-02, learning rate = 3.54e-03, avg iter time = 6.55e-02 sec.
	Iter: 700, q = 1.01e+00 +/- 1.02e-01, dq = 1.12e-01 +/- 8.34e-02, learning rate = 6.87e-04, avg iter time = 6.55e-02 sec.
	Iter: 800, q = 1.01e+00 +/- 1.02e-01, dq = 1.11e-01 +/- 8.45e-02, learning rate = 1.40e-04, avg iter time = 6.58e-02 sec.
	Iter: 900, q = 1.01e+00 +/- 1.02e-01, dq = 1.12e-01 +/- 8.48e-02, learning rate = 2.71e-05, avg iter time = 6.58e-02 sec.
	Iter: 1000, q = 1.01e+00 +/- 1.04e-01, dq = 1.13e-01 +/- 8.54e-02, learning rate = 4.74e-06, avg iter time = 6.61e-02 sec.
	Iter: 1100, q = 1.01e+00 +/- 1.02e-01, dq = 1.15e-01 +/- 8.40e-02, learning rate = 8.73e-07, avg iter time = 6.62e-02 sec.
	Iter: 1200, q = 1.01e+00 +/- 1.03e-01, dq = 1.12e-01 +/- 8.81e-02, learning rate = 1.97e-07, avg iter time = 6.61e-02 sec.
	Iter: 1300, q = 1.01e+00 +/- 1.04e-01, dq = 1.15e-01 +/- 8.63e-02, learning rate = 1.97e-07, avg iter time = 6.54e-02 sec.
	Iter: 1400, q = 1.01e+00 +/- 9.96e-02, dq = 1.14e-01 +/- 8.58e-02, learning rate = 1.97e-07, avg iter time = 6.54e-02 sec.
	Iter: 1500, q = 1.01e+00 +/- 9.84e-02, dq = 1.12e-01 +/- 8.72e-02, learning rate = 1.97e-07, avg iter time = 6.54e-02 sec.
	Iter: 1600, q = 1.02e+00 +/- 1.04e-01, dq = 1.20e-01 +/- 9.12e-02, learning rate = 1.97e-07, avg iter time = 6.54e-02 sec.
	Iter: 1700, q = 1.01e+00 +/- 1.05e-01, dq = 1.14e-01 +/- 8.46e-02, learning rate = 1.97e-07, avg iter time = 6.56e-02 sec.
	Iter: 1800, q = 1.01e+00 +/- 1.03e-01, dq = 1.12e-01 +/- 8.55e-02, learning rate = 1.97e-07, avg iter time = 6.56e-02 sec.
	Iter: 1900, q = 1.01e+00 +/- 1.02e-01, dq = 1.13e-01 +/- 8.58e-02, learning rate = 1.97e-07, avg iter time = 6.57e-02 sec.
	Iter: 2000, q = 1.01e+00 +/- 1.02e-01, dq = 1.16e-01 +/- 8.71e-02, learning rate = 1.97e-07, avg iter time = 6.58e-02 sec.
	Iter: 2100, q = 1.01e+00 +/- 1.03e-01, dq = 1.14e-01 +/- 8.55e-02, learning rate = 1.97e-07, avg iter time = 6.58e-02 sec.
	Iter: 2200, q = 1.01e+00 +/- 1.04e-01, dq = 1.14e-01 +/- 8.54e-02, learning rate = 1.97e-07, avg iter time = 6.58e-02 sec.
	Iter: 2300, q = 1.01e+00 +/- 1.00e-01, dq = 1.12e-01 +/- 8.49e-02, learning rate = 1.97e-07, avg iter time = 6.52e-02 sec.
	Iter: 2400, q = 1.01e+00 +/- 1.02e-01, dq = 1.14e-01 +/- 8.71e-02, learning rate = 1.97e-07, avg iter time = 6.52e-02 sec.
	Iter: 2500, q = 1.01e+00 +/- 9.90e-02, dq = 1.09e-01 +/- 8.05e-02, learning rate = 1.97e-07, avg iter time = 6.53e-02 sec.
	Iter: 2600, q = 1.01e+00 +/- 1.05e-01, dq = 1.20e-01 +/- 8.62e-02, learning rate = 1.97e-07, avg iter time = 6.54e-02 sec.
	Iter: 2700, q = 1.02e+00 +/- 1.06e-01, dq = 1.16e-01 +/- 8.41e-02, learning rate = 1.97e-07, avg iter time = 6.54e-02 sec.
	Iter: 2800, q = 1.01e+00 +/- 1.01e-01, dq = 1.13e-01 +/- 8.60e-02, learning rate = 1.97e-07, avg iter time = 6.51e-02 sec.
	Iter: 2900, q = 1.01e+00 +/- 1.04e-01, dq = 1.11e-01 +/- 8.54e-02, learning rate = 1.97e-07, avg iter time = 6.52e-02 sec.
	Iter: 3000, q = 1.01e+00 +/- 1.01e-01, dq = 1.11e-01 +/- 8.35e-02, learning rate = 1.97e-07, avg iter time = 6.53e-02 sec.
	Iter: 3100, q = 1.01e+00 +/- 1.04e-01, dq = 1.16e-01 +/- 8.80e-02, learning rate = 1.97e-07, avg iter time = 6.53e-02 sec.
	Iter: 3200, q = 1.01e+00 +/- 1.01e-01, dq = 1.16e-01 +/- 8.94e-02, learning rate = 1.97e-07, avg iter time = 6.50e-02 sec.
	Iter: 3300, q = 1.02e+00 +/- 1.03e-01, dq = 1.17e-01 +/- 8.65e-02, learning rate = 1.97e-07, avg iter time = 6.50e-02 sec.
	Iter: 3400, q = 1.00e+00 +/- 1.05e-01, dq = 1.16e-01 +/- 8.61e-02, learning rate = 1.97e-07, avg iter time = 6.50e-02 sec.
	Iter: 3500, q = 1.01e+00 +/- 1.01e-01, dq = 1.17e-01 +/- 8.83e-02, learning rate = 1.97e-07, avg iter time = 6.51e-02 sec.
	Iter: 3600, q = 1.01e+00 +/- 1.05e-01, dq = 1.15e-01 +/- 8.71e-02, learning rate = 1.97e-07, avg iter time = 6.52e-02 sec.
	Iter: 3700, q = 1.01e+00 +/- 1.01e-01, dq = 1.14e-01 +/- 8.67e-02, learning rate = 1.97e-07, avg iter time = 6.52e-02 sec.
	Iter: 3800, q = 1.01e+00 +/- 1.06e-01, dq = 1.17e-01 +/- 8.65e-02, learning rate = 1.97e-07, avg iter time = 6.52e-02 sec.
	Iter: 3900, q = 1.02e+00 +/- 1.03e-01, dq = 1.13e-01 +/- 8.88e-02, learning rate = 1.97e-07, avg iter time = 6.52e-02 sec.
	Iter: 4000, q = 1.01e+00 +/- 1.03e-01, dq = 1.16e-01 +/- 8.57e-02, learning rate = 1.97e-07, avg iter time = 6.49e-02 sec.
	Iter: 4100, q = 1.01e+00 +/- 1.03e-01, dq = 1.15e-01 +/- 8.83e-02, learning rate = 1.97e-07, avg iter time = 6.48e-02 sec.
	Iter: 4200, q = 1.01e+00 +/- 9.84e-02, dq = 1.13e-01 +/- 8.47e-02, learning rate = 1.97e-07, avg iter time = 6.48e-02 sec.
	Iter: 4300, q = 1.01e+00 +/- 1.01e-01, dq = 1.15e-01 +/- 8.60e-02, learning rate = 1.97e-07, avg iter time = 6.48e-02 sec.
	Iter: 4400, q = 1.01e+00 +/- 1.03e-01, dq = 1.12e-01 +/- 8.70e-02, learning rate = 1.97e-07, avg iter time = 6.49e-02 sec.
	Iter: 4500, q = 1.01e+00 +/- 1.07e-01, dq = 1.17e-01 +/- 8.87e-02, learning rate = 1.97e-07, avg iter time = 6.58e-02 sec.
	Iter: 4600, q = 1.01e+00 +/- 1.05e-01, dq = 1.17e-01 +/- 9.34e-02, learning rate = 1.97e-07, avg iter time = 2.95e-01 sec.
	Iter: 4700, q = 1.01e+00 +/- 1.03e-01, dq = 1.13e-01 +/- 8.54e-02, learning rate = 1.97e-07, avg iter time = 2.90e-01 sec.
	Iter: 4800, q = 1.01e+00 +/- 9.94e-02, dq = 1.13e-01 +/- 8.55e-02, learning rate = 1.97e-07, avg iter time = 2.85e-01 sec.
	Iter: 4900, q = 1.01e+00 +/- 1.04e-01, dq = 1.16e-01 +/- 8.63e-02, learning rate = 1.97e-07, avg iter time = 2.81e-01 sec.
	Iter: 5000, q = 1.01e+00 +/- 1.04e-01, dq = 1.14e-01 +/- 8.81e-02, learning rate = 1.97e-07, avg iter time = 2.76e-01 sec.
	Maximum iteration count reached. Terminating.
		5000 iters
		q = 1.01e+00 +/- 1.04e-01
		dq = 1.14e-01 +/- 8.81e-02
		learning rate = 1.97e-07
		avg iter time = 2.76e-01 sec
	Identified 1000 unique fixed points.
		initial_states: 0 outliers detected (of 1000).
		fixed points: 0 outliers detected (of 1000).
	Fixed point finding complete.

[2025-02-17 22:26:07,135][HYDRA] 	#1 : job_num=4

Searching for fixed points from 1000 initial states.

	Finding fixed points via joint optimization.
	Iter: 100, q = 1.27e+00 +/- 1.29e-01, dq = 1.43e-01 +/- 1.08e-01, learning rate = 6.98e-01, avg iter time = 4.84e-02 sec.
	Iter: 200, q = 1.15e+00 +/- 1.20e-01, dq = 1.28e-01 +/- 1.00e-01, learning rate = 3.41e-01, avg iter time = 5.19e-02 sec.
	Iter: 300, q = 1.06e+00 +/- 1.05e-01, dq = 1.21e-01 +/- 8.44e-02, learning rate = 1.35e-01, avg iter time = 5.39e-02 sec.
	Iter: 400, q = 1.02e+00 +/- 1.04e-01, dq = 1.21e-01 +/- 8.95e-02, learning rate = 4.61e-02, avg iter time = 5.46e-02 sec.
	Iter: 500, q = 1.01e+00 +/- 9.81e-02, dq = 1.11e-01 +/- 8.24e-02, learning rate = 1.15e-02, avg iter time = 5.52e-02 sec.
	Iter: 600, q = 1.01e+00 +/- 1.06e-01, dq = 1.16e-01 +/- 8.94e-02, learning rate = 2.23e-03, avg iter time = 5.59e-02 sec.
	Iter: 700, q = 1.00e+00 +/- 1.02e-01, dq = 1.14e-01 +/- 8.32e-02, learning rate = 4.11e-04, avg iter time = 5.61e-02 sec.
	Iter: 800, q = 1.00e+00 +/- 9.79e-02, dq = 1.11e-01 +/- 8.41e-02, learning rate = 7.57e-05, avg iter time = 5.60e-02 sec.
	Iter: 900, q = 1.01e+00 +/- 9.97e-02, dq = 1.13e-01 +/- 8.45e-02, learning rate = 1.32e-05, avg iter time = 5.58e-02 sec.
	Iter: 1000, q = 1.00e+00 +/- 9.71e-02, dq = 1.12e-01 +/- 8.81e-02, learning rate = 2.43e-06, avg iter time = 5.59e-02 sec.
	Iter: 1100, q = 9.98e-01 +/- 1.01e-01, dq = 1.19e-01 +/- 8.72e-02, learning rate = 4.48e-07, avg iter time = 5.57e-02 sec.
	Iter: 1200, q = 1.01e+00 +/- 9.93e-02, dq = 1.09e-01 +/- 8.23e-02, learning rate = 1.97e-07, avg iter time = 5.56e-02 sec.
	Iter: 1300, q = 1.01e+00 +/- 1.00e-01, dq = 1.16e-01 +/- 8.60e-02, learning rate = 1.97e-07, avg iter time = 5.48e-02 sec.
	Iter: 1400, q = 1.00e+00 +/- 9.84e-02, dq = 1.08e-01 +/- 7.82e-02, learning rate = 1.97e-07, avg iter time = 5.47e-02 sec.
	Iter: 1500, q = 1.01e+00 +/- 1.03e-01, dq = 1.15e-01 +/- 8.78e-02, learning rate = 1.97e-07, avg iter time = 5.50e-02 sec.
	Iter: 1600, q = 1.00e+00 +/- 9.77e-02, dq = 1.15e-01 +/- 8.32e-02, learning rate = 1.97e-07, avg iter time = 5.50e-02 sec.
	Iter: 1700, q = 1.00e+00 +/- 1.02e-01, dq = 1.13e-01 +/- 8.63e-02, learning rate = 1.97e-07, avg iter time = 5.51e-02 sec.
	Iter: 1800, q = 1.00e+00 +/- 1.02e-01, dq = 1.15e-01 +/- 8.86e-02, learning rate = 1.97e-07, avg iter time = 5.51e-02 sec.
	Iter: 1900, q = 1.01e+00 +/- 1.03e-01, dq = 1.18e-01 +/- 9.01e-02, learning rate = 1.97e-07, avg iter time = 5.50e-02 sec.
	Iter: 2000, q = 1.01e+00 +/- 9.87e-02, dq = 1.11e-01 +/- 8.36e-02, learning rate = 1.97e-07, avg iter time = 5.49e-02 sec.
	Iter: 2100, q = 1.00e+00 +/- 9.46e-02, dq = 1.10e-01 +/- 8.39e-02, learning rate = 1.97e-07, avg iter time = 5.45e-02 sec.
	Iter: 2200, q = 1.00e+00 +/- 9.81e-02, dq = 1.12e-01 +/- 8.75e-02, learning rate = 1.97e-07, avg iter time = 5.44e-02 sec.
	Iter: 2300, q = 1.01e+00 +/- 9.97e-02, dq = 1.16e-01 +/- 8.88e-02, learning rate = 1.97e-07, avg iter time = 5.45e-02 sec.
	Iter: 2400, q = 1.01e+00 +/- 9.85e-02, dq = 1.07e-01 +/- 8.23e-02, learning rate = 1.97e-07, avg iter time = 5.46e-02 sec.
	Iter: 2500, q = 1.00e+00 +/- 9.91e-02, dq = 1.14e-01 +/- 8.77e-02, learning rate = 1.97e-07, avg iter time = 5.47e-02 sec.
	Iter: 2600, q = 1.00e+00 +/- 9.75e-02, dq = 1.14e-01 +/- 8.58e-02, learning rate = 1.97e-07, avg iter time = 5.47e-02 sec.
	Iter: 2700, q = 1.01e+00 +/- 1.02e-01, dq = 1.17e-01 +/- 9.17e-02, learning rate = 1.97e-07, avg iter time = 5.44e-02 sec.
	Iter: 2800, q = 1.01e+00 +/- 9.96e-02, dq = 1.14e-01 +/- 8.42e-02, learning rate = 1.97e-07, avg iter time = 5.45e-02 sec.
	Iter: 2900, q = 1.00e+00 +/- 9.79e-02, dq = 1.13e-01 +/- 8.40e-02, learning rate = 1.97e-07, avg iter time = 5.45e-02 sec.
	Iter: 3000, q = 1.00e+00 +/- 9.93e-02, dq = 1.11e-01 +/- 8.62e-02, learning rate = 1.97e-07, avg iter time = 5.46e-02 sec.
	Iter: 3100, q = 1.00e+00 +/- 9.52e-02, dq = 1.08e-01 +/- 8.05e-02, learning rate = 1.97e-07, avg iter time = 5.45e-02 sec.
	Iter: 3200, q = 1.00e+00 +/- 1.01e-01, dq = 1.14e-01 +/- 8.91e-02, learning rate = 1.97e-07, avg iter time = 5.46e-02 sec.
	Iter: 3300, q = 1.00e+00 +/- 1.03e-01, dq = 1.16e-01 +/- 8.68e-02, learning rate = 1.97e-07, avg iter time = 5.43e-02 sec.
	Iter: 3400, q = 1.00e+00 +/- 9.82e-02, dq = 1.07e-01 +/- 8.11e-02, learning rate = 1.97e-07, avg iter time = 5.43e-02 sec.
	Iter: 3500, q = 1.01e+00 +/- 1.03e-01, dq = 1.19e-01 +/- 8.77e-02, learning rate = 1.97e-07, avg iter time = 5.43e-02 sec.
	Iter: 3600, q = 1.00e+00 +/- 1.01e-01, dq = 1.15e-01 +/- 8.51e-02, learning rate = 1.97e-07, avg iter time = 5.44e-02 sec.
	Iter: 3700, q = 1.00e+00 +/- 9.87e-02, dq = 1.16e-01 +/- 9.05e-02, learning rate = 1.97e-07, avg iter time = 5.44e-02 sec.
	Iter: 3800, q = 1.00e+00 +/- 1.03e-01, dq = 1.11e-01 +/- 8.76e-02, learning rate = 1.97e-07, avg iter time = 5.45e-02 sec.
	Iter: 3900, q = 1.01e+00 +/- 1.03e-01, dq = 1.16e-01 +/- 8.98e-02, learning rate = 1.97e-07, avg iter time = 5.42e-02 sec.
	Iter: 4000, q = 1.00e+00 +/- 9.82e-02, dq = 1.14e-01 +/- 8.57e-02, learning rate = 1.97e-07, avg iter time = 5.43e-02 sec.
	Iter: 4100, q = 1.00e+00 +/- 9.84e-02, dq = 1.18e-01 +/- 8.69e-02, learning rate = 1.97e-07, avg iter time = 5.44e-02 sec.
	Iter: 4200, q = 1.00e+00 +/- 9.96e-02, dq = 1.13e-01 +/- 8.66e-02, learning rate = 1.97e-07, avg iter time = 5.44e-02 sec.
	Iter: 4300, q = 1.01e+00 +/- 1.01e-01, dq = 1.14e-01 +/- 8.75e-02, learning rate = 1.97e-07, avg iter time = 5.44e-02 sec.
	Iter: 4400, q = 1.00e+00 +/- 1.03e-01, dq = 1.15e-01 +/- 8.85e-02, learning rate = 1.97e-07, avg iter time = 5.44e-02 sec.
	Iter: 4500, q = 1.00e+00 +/- 9.70e-02, dq = 1.15e-01 +/- 8.54e-02, learning rate = 1.97e-07, avg iter time = 5.42e-02 sec.
	Iter: 4600, q = 1.01e+00 +/- 1.00e-01, dq = 1.14e-01 +/- 8.48e-02, learning rate = 1.97e-07, avg iter time = 5.42e-02 sec.
	Iter: 4700, q = 1.00e+00 +/- 1.02e-01, dq = 1.11e-01 +/- 8.55e-02, learning rate = 1.97e-07, avg iter time = 5.43e-02 sec.
	Iter: 4800, q = 1.01e+00 +/- 1.02e-01, dq = 1.17e-01 +/- 8.75e-02, learning rate = 1.97e-07, avg iter time = 5.43e-02 sec.
	Iter: 4900, q = 1.01e+00 +/- 1.03e-01, dq = 1.17e-01 +/- 8.90e-02, learning rate = 1.97e-07, avg iter time = 5.44e-02 sec.
	Iter: 5000, q = 1.01e+00 +/- 1.00e-01, dq = 1.14e-01 +/- 8.59e-02, learning rate = 1.97e-07, avg iter time = 5.42e-02 sec.
	Maximum iteration count reached. Terminating.
		5000 iters
		q = 1.01e+00 +/- 1.00e-01
		dq = 1.14e-01 +/- 8.59e-02
		learning rate = 1.97e-07
		avg iter time = 5.42e-02 sec
	Identified 1000 unique fixed points.
		initial_states: 0 outliers detected (of 1000).
		fixed points: 0 outliers detected (of 1000).
	Fixed point finding complete.


Searching for fixed points from 1000 initial states.

	Finding fixed points via joint optimization.
	Iter: 100, q = 1.27e+00 +/- 1.34e-01, dq = 1.46e-01 +/- 1.11e-01, learning rate = 7.35e-01, avg iter time = 5.59e-02 sec.
	Iter: 200, q = 1.17e+00 +/- 1.21e-01, dq = 1.29e-01 +/- 9.93e-02, learning rate = 3.77e-01, avg iter time = 5.60e-02 sec.
	Iter: 300, q = 1.08e+00 +/- 1.10e-01, dq = 1.21e-01 +/- 8.80e-02, learning rate = 1.58e-01, avg iter time = 5.61e-02 sec.
	Iter: 400, q = 1.04e+00 +/- 1.10e-01, dq = 1.21e-01 +/- 8.76e-02, learning rate = 5.37e-02, avg iter time = 5.62e-02 sec.
	Iter: 500, q = 1.02e+00 +/- 9.86e-02, dq = 1.08e-01 +/- 8.50e-02, learning rate = 1.42e-02, avg iter time = 5.61e-02 sec.
	Iter: 600, q = 1.01e+00 +/- 1.02e-01, dq = 1.15e-01 +/- 8.83e-02, learning rate = 2.89e-03, avg iter time = 5.44e-02 sec.
	Iter: 700, q = 1.01e+00 +/- 1.03e-01, dq = 1.17e-01 +/- 8.80e-02, learning rate = 5.59e-04, avg iter time = 5.44e-02 sec.
	Iter: 800, q = 1.01e+00 +/- 1.01e-01, dq = 1.11e-01 +/- 8.56e-02, learning rate = 9.78e-05, avg iter time = 5.48e-02 sec.
	Iter: 900, q = 1.01e+00 +/- 1.03e-01, dq = 1.14e-01 +/- 8.32e-02, learning rate = 1.80e-05, avg iter time = 5.48e-02 sec.
	Iter: 1000, q = 1.01e+00 +/- 1.01e-01, dq = 1.15e-01 +/- 8.60e-02, learning rate = 3.31e-06, avg iter time = 5.49e-02 sec.
	Iter: 1100, q = 1.01e+00 +/- 1.03e-01, dq = 1.13e-01 +/- 8.96e-02, learning rate = 5.79e-07, avg iter time = 5.50e-02 sec.
	Iter: 1200, q = 1.02e+00 +/- 1.03e-01, dq = 1.13e-01 +/- 8.53e-02, learning rate = 1.97e-07, avg iter time = 5.50e-02 sec.
	Iter: 1300, q = 1.01e+00 +/- 1.06e-01, dq = 1.18e-01 +/- 8.93e-02, learning rate = 1.97e-07, avg iter time = 5.51e-02 sec.
	Iter: 1400, q = 1.01e+00 +/- 1.04e-01, dq = 1.16e-01 +/- 8.49e-02, learning rate = 1.97e-07, avg iter time = 5.51e-02 sec.
	Iter: 1500, q = 1.00e+00 +/- 1.05e-01, dq = 1.12e-01 +/- 8.52e-02, learning rate = 1.97e-07, avg iter time = 5.47e-02 sec.
	Iter: 1600, q = 1.01e+00 +/- 1.02e-01, dq = 1.13e-01 +/- 8.50e-02, learning rate = 1.97e-07, avg iter time = 5.46e-02 sec.
	Iter: 1700, q = 1.01e+00 +/- 1.02e-01, dq = 1.13e-01 +/- 8.31e-02, learning rate = 1.97e-07, avg iter time = 5.46e-02 sec.
	Iter: 1800, q = 1.01e+00 +/- 1.04e-01, dq = 1.12e-01 +/- 8.39e-02, learning rate = 1.97e-07, avg iter time = 5.42e-02 sec.
	Iter: 1900, q = 1.01e+00 +/- 1.06e-01, dq = 1.17e-01 +/- 8.82e-02, learning rate = 1.97e-07, avg iter time = 5.42e-02 sec.
	Iter: 2000, q = 1.01e+00 +/- 1.02e-01, dq = 1.10e-01 +/- 8.27e-02, learning rate = 1.97e-07, avg iter time = 5.41e-02 sec.
	Iter: 2100, q = 1.01e+00 +/- 1.06e-01, dq = 1.16e-01 +/- 9.08e-02, learning rate = 1.97e-07, avg iter time = 5.41e-02 sec.
	Iter: 2200, q = 1.01e+00 +/- 1.06e-01, dq = 1.14e-01 +/- 8.32e-02, learning rate = 1.97e-07, avg iter time = 5.42e-02 sec.
	Iter: 2300, q = 1.01e+00 +/- 1.04e-01, dq = 1.11e-01 +/- 8.60e-02, learning rate = 1.97e-07, avg iter time = 5.43e-02 sec.
	Iter: 2400, q = 1.01e+00 +/- 1.02e-01, dq = 1.11e-01 +/- 8.47e-02, learning rate = 1.97e-07, avg iter time = 5.42e-02 sec.
	Iter: 2500, q = 1.01e+00 +/- 1.02e-01, dq = 1.14e-01 +/- 8.88e-02, learning rate = 1.97e-07, avg iter time = 5.43e-02 sec.
	Iter: 2600, q = 1.01e+00 +/- 1.03e-01, dq = 1.14e-01 +/- 8.90e-02, learning rate = 1.97e-07, avg iter time = 5.43e-02 sec.
	Iter: 2700, q = 1.01e+00 +/- 1.07e-01, dq = 1.19e-01 +/- 8.63e-02, learning rate = 1.97e-07, avg iter time = 5.45e-02 sec.
	Iter: 2800, q = 1.01e+00 +/- 1.03e-01, dq = 1.15e-01 +/- 8.85e-02, learning rate = 1.97e-07, avg iter time = 5.45e-02 sec.
	Iter: 2900, q = 1.01e+00 +/- 1.05e-01, dq = 1.17e-01 +/- 8.81e-02, learning rate = 1.97e-07, avg iter time = 5.45e-02 sec.
	Iter: 3000, q = 1.00e+00 +/- 9.96e-02, dq = 1.14e-01 +/- 8.30e-02, learning rate = 1.97e-07, avg iter time = 5.42e-02 sec.
	Iter: 3100, q = 1.01e+00 +/- 1.05e-01, dq = 1.11e-01 +/- 8.26e-02, learning rate = 1.97e-07, avg iter time = 5.42e-02 sec.
	Iter: 3200, q = 1.01e+00 +/- 1.08e-01, dq = 1.17e-01 +/- 8.75e-02, learning rate = 1.97e-07, avg iter time = 5.44e-02 sec.
	Iter: 3300, q = 1.02e+00 +/- 1.06e-01, dq = 1.13e-01 +/- 8.36e-02, learning rate = 1.97e-07, avg iter time = 5.44e-02 sec.
	Iter: 3400, q = 1.01e+00 +/- 1.04e-01, dq = 1.08e-01 +/- 8.34e-02, learning rate = 1.97e-07, avg iter time = 5.44e-02 sec.
	Iter: 3500, q = 1.01e+00 +/- 1.04e-01, dq = 1.13e-01 +/- 8.32e-02, learning rate = 1.97e-07, avg iter time = 5.44e-02 sec.
	Iter: 3600, q = 1.01e+00 +/- 1.01e-01, dq = 1.10e-01 +/- 8.50e-02, learning rate = 1.97e-07, avg iter time = 5.42e-02 sec.
	Iter: 3700, q = 1.01e+00 +/- 1.01e-01, dq = 1.14e-01 +/- 8.47e-02, learning rate = 1.97e-07, avg iter time = 5.42e-02 sec.
	Iter: 3800, q = 1.01e+00 +/- 1.07e-01, dq = 1.17e-01 +/- 8.79e-02, learning rate = 1.97e-07, avg iter time = 5.44e-02 sec.
	Iter: 3900, q = 1.01e+00 +/- 1.03e-01, dq = 1.17e-01 +/- 8.81e-02, learning rate = 1.97e-07, avg iter time = 5.44e-02 sec.
	Iter: 4000, q = 1.01e+00 +/- 1.03e-01, dq = 1.09e-01 +/- 8.54e-02, learning rate = 1.97e-07, avg iter time = 5.44e-02 sec.
	Iter: 4100, q = 1.01e+00 +/- 1.03e-01, dq = 1.12e-01 +/- 8.47e-02, learning rate = 1.97e-07, avg iter time = 5.44e-02 sec.
	Iter: 4200, q = 1.01e+00 +/- 1.03e-01, dq = 1.15e-01 +/- 8.62e-02, learning rate = 1.97e-07, avg iter time = 5.45e-02 sec.
	Iter: 4300, q = 1.01e+00 +/- 1.05e-01, dq = 1.13e-01 +/- 8.86e-02, learning rate = 1.97e-07, avg iter time = 5.45e-02 sec.
	Iter: 4400, q = 1.01e+00 +/- 1.05e-01, dq = 1.12e-01 +/- 8.62e-02, learning rate = 1.97e-07, avg iter time = 5.42e-02 sec.
	Iter: 4500, q = 1.01e+00 +/- 1.07e-01, dq = 1.12e-01 +/- 8.78e-02, learning rate = 1.97e-07, avg iter time = 5.42e-02 sec.
	Iter: 4600, q = 1.01e+00 +/- 1.06e-01, dq = 1.15e-01 +/- 8.77e-02, learning rate = 1.97e-07, avg iter time = 5.43e-02 sec.
	Iter: 4700, q = 1.01e+00 +/- 1.03e-01, dq = 1.14e-01 +/- 8.88e-02, learning rate = 1.97e-07, avg iter time = 5.43e-02 sec.
	Iter: 4800, q = 1.01e+00 +/- 1.02e-01, dq = 1.15e-01 +/- 8.57e-02, learning rate = 1.97e-07, avg iter time = 5.43e-02 sec.
	Iter: 4900, q = 1.01e+00 +/- 1.09e-01, dq = 1.18e-01 +/- 9.17e-02, learning rate = 1.97e-07, avg iter time = 5.44e-02 sec.
	Iter: 5000, q = 1.01e+00 +/- 1.04e-01, dq = 1.13e-01 +/- 8.35e-02, learning rate = 1.97e-07, avg iter time = 5.42e-02 sec.
	Maximum iteration count reached. Terminating.
		5000 iters
		q = 1.01e+00 +/- 1.04e-01
		dq = 1.13e-01 +/- 8.35e-02
		learning rate = 1.97e-07
		avg iter time = 5.42e-02 sec
	Identified 1000 unique fixed points.
		initial_states: 0 outliers detected (of 1000).
		fixed points: 0 outliers detected (of 1000).
	Fixed point finding complete.

[2025-02-17 22:35:11,611][HYDRA] 	#2 : job_num=5

Searching for fixed points from 1000 initial states.

	Finding fixed points via joint optimization.
	Iter: 100, q = 1.26e+00 +/- 1.29e-01, dq = 1.39e-01 +/- 1.01e-01, learning rate = 6.63e-01, avg iter time = 5.53e-02 sec.
	Iter: 200, q = 1.13e+00 +/- 1.15e-01, dq = 1.28e-01 +/- 9.44e-02, learning rate = 3.07e-01, avg iter time = 5.58e-02 sec.
	Iter: 300, q = 1.07e+00 +/- 1.08e-01, dq = 1.22e-01 +/- 9.18e-02, learning rate = 1.35e-01, avg iter time = 5.57e-02 sec.
	Iter: 400, q = 1.02e+00 +/- 1.01e-01, dq = 1.16e-01 +/- 8.85e-02, learning rate = 4.61e-02, avg iter time = 5.55e-02 sec.
	Iter: 500, q = 1.01e+00 +/- 1.03e-01, dq = 1.15e-01 +/- 8.65e-02, learning rate = 1.28e-02, avg iter time = 5.54e-02 sec.
	Iter: 600, q = 1.00e+00 +/- 1.00e-01, dq = 1.15e-01 +/- 8.61e-02, learning rate = 2.61e-03, avg iter time = 5.37e-02 sec.
	Iter: 700, q = 1.00e+00 +/- 1.01e-01, dq = 1.13e-01 +/- 8.81e-02, learning rate = 5.05e-04, avg iter time = 5.39e-02 sec.
	Iter: 800, q = 1.00e+00 +/- 9.95e-02, dq = 1.11e-01 +/- 8.60e-02, learning rate = 1.03e-04, avg iter time = 5.41e-02 sec.
	Iter: 900, q = 1.01e+00 +/- 9.97e-02, dq = 1.14e-01 +/- 8.51e-02, learning rate = 1.89e-05, avg iter time = 5.43e-02 sec.
	Iter: 1000, q = 1.00e+00 +/- 9.38e-02, dq = 1.13e-01 +/- 8.44e-02, learning rate = 3.49e-06, avg iter time = 5.44e-02 sec.
	Iter: 1100, q = 1.01e+00 +/- 1.05e-01, dq = 1.09e-01 +/- 8.50e-02, learning rate = 6.41e-07, avg iter time = 5.37e-02 sec.
	Iter: 1200, q = 1.01e+00 +/- 1.00e-01, dq = 1.12e-01 +/- 8.38e-02, learning rate = 1.97e-07, avg iter time = 5.38e-02 sec.
	Iter: 1300, q = 1.00e+00 +/- 1.01e-01, dq = 1.13e-01 +/- 8.42e-02, learning rate = 1.97e-07, avg iter time = 5.39e-02 sec.
	Iter: 1400, q = 1.00e+00 +/- 9.84e-02, dq = 1.11e-01 +/- 8.52e-02, learning rate = 1.97e-07, avg iter time = 5.40e-02 sec.
	Iter: 1500, q = 1.01e+00 +/- 1.02e-01, dq = 1.13e-01 +/- 8.67e-02, learning rate = 1.97e-07, avg iter time = 5.42e-02 sec.
	Iter: 1600, q = 1.00e+00 +/- 1.01e-01, dq = 1.13e-01 +/- 8.53e-02, learning rate = 1.97e-07, avg iter time = 5.43e-02 sec.
	Iter: 1700, q = 1.00e+00 +/- 9.51e-02, dq = 1.09e-01 +/- 8.47e-02, learning rate = 1.97e-07, avg iter time = 5.43e-02 sec.
	Iter: 1800, q = 1.01e+00 +/- 1.03e-01, dq = 1.15e-01 +/- 8.80e-02, learning rate = 1.97e-07, avg iter time = 5.44e-02 sec.
	Iter: 1900, q = 1.00e+00 +/- 1.02e-01, dq = 1.15e-01 +/- 8.51e-02, learning rate = 1.97e-07, avg iter time = 5.44e-02 sec.
	Iter: 2000, q = 9.98e-01 +/- 9.70e-02, dq = 1.16e-01 +/- 8.67e-02, learning rate = 1.97e-07, avg iter time = 5.38e-02 sec.
	Iter: 2100, q = 1.01e+00 +/- 9.96e-02, dq = 1.14e-01 +/- 8.31e-02, learning rate = 1.97e-07, avg iter time = 5.38e-02 sec.
	Iter: 2200, q = 1.01e+00 +/- 1.02e-01, dq = 1.11e-01 +/- 8.64e-02, learning rate = 1.97e-07, avg iter time = 5.39e-02 sec.
	Iter: 2300, q = 1.00e+00 +/- 1.00e-01, dq = 1.14e-01 +/- 8.81e-02, learning rate = 1.97e-07, avg iter time = 5.39e-02 sec.
	Iter: 2400, q = 1.00e+00 +/- 9.70e-02, dq = 1.11e-01 +/- 8.29e-02, learning rate = 1.97e-07, avg iter time = 5.40e-02 sec.
	Iter: 2500, q = 1.01e+00 +/- 1.02e-01, dq = 1.13e-01 +/- 8.93e-02, learning rate = 1.97e-07, avg iter time = 5.40e-02 sec.
	Iter: 2600, q = 1.01e+00 +/- 9.98e-02, dq = 1.12e-01 +/- 8.56e-02, learning rate = 1.97e-07, avg iter time = 5.37e-02 sec.
	Iter: 2700, q = 1.01e+00 +/- 1.01e-01, dq = 1.13e-01 +/- 8.50e-02, learning rate = 1.97e-07, avg iter time = 5.38e-02 sec.
	Iter: 2800, q = 1.00e+00 +/- 9.94e-02, dq = 1.13e-01 +/- 8.78e-02, learning rate = 1.97e-07, avg iter time = 5.39e-02 sec.
	Iter: 2900, q = 9.99e-01 +/- 1.01e-01, dq = 1.14e-01 +/- 8.73e-02, learning rate = 1.97e-07, avg iter time = 5.39e-02 sec.
	Iter: 3000, q = 1.01e+00 +/- 1.05e-01, dq = 1.15e-01 +/- 8.60e-02, learning rate = 1.97e-07, avg iter time = 5.40e-02 sec.
	Iter: 3100, q = 1.01e+00 +/- 9.61e-02, dq = 1.17e-01 +/- 8.77e-02, learning rate = 1.97e-07, avg iter time = 5.40e-02 sec.
	Iter: 3200, q = 1.00e+00 +/- 9.89e-02, dq = 1.12e-01 +/- 8.70e-02, learning rate = 1.97e-07, avg iter time = 5.40e-02 sec.
	Iter: 3300, q = 1.00e+00 +/- 9.71e-02, dq = 1.13e-01 +/- 8.52e-02, learning rate = 1.97e-07, avg iter time = 5.40e-02 sec.
	Iter: 3400, q = 1.00e+00 +/- 9.71e-02, dq = 1.08e-01 +/- 8.41e-02, learning rate = 1.97e-07, avg iter time = 5.40e-02 sec.
	Iter: 3500, q = 1.01e+00 +/- 9.96e-02, dq = 1.10e-01 +/- 8.41e-02, learning rate = 1.97e-07, avg iter time = 5.40e-02 sec.
	Iter: 3600, q = 1.00e+00 +/- 1.01e-01, dq = 1.10e-01 +/- 8.14e-02, learning rate = 1.97e-07, avg iter time = 5.40e-02 sec.
	Iter: 3700, q = 1.00e+00 +/- 9.75e-02, dq = 1.16e-01 +/- 8.46e-02, learning rate = 1.97e-07, avg iter time = 5.39e-02 sec.
	Iter: 3800, q = 1.00e+00 +/- 9.50e-02, dq = 1.13e-01 +/- 8.72e-02, learning rate = 1.97e-07, avg iter time = 5.38e-02 sec.
	Iter: 3900, q = 1.00e+00 +/- 9.88e-02, dq = 1.13e-01 +/- 8.45e-02, learning rate = 1.97e-07, avg iter time = 5.38e-02 sec.
	Iter: 4000, q = 1.01e+00 +/- 9.81e-02, dq = 1.11e-01 +/- 8.44e-02, learning rate = 1.97e-07, avg iter time = 5.38e-02 sec.
	Iter: 4100, q = 1.01e+00 +/- 1.02e-01, dq = 1.17e-01 +/- 8.69e-02, learning rate = 1.97e-07, avg iter time = 5.38e-02 sec.
	Iter: 4200, q = 1.01e+00 +/- 9.86e-02, dq = 1.13e-01 +/- 8.50e-02, learning rate = 1.97e-07, avg iter time = 5.38e-02 sec.
	Iter: 4300, q = 9.97e-01 +/- 1.02e-01, dq = 1.18e-01 +/- 8.82e-02, learning rate = 1.97e-07, avg iter time = 5.38e-02 sec.
	Iter: 4400, q = 1.01e+00 +/- 9.65e-02, dq = 1.13e-01 +/- 8.46e-02, learning rate = 1.97e-07, avg iter time = 5.38e-02 sec.
	Iter: 4500, q = 1.01e+00 +/- 1.05e-01, dq = 1.15e-01 +/- 8.63e-02, learning rate = 1.97e-07, avg iter time = 5.38e-02 sec.
	Iter: 4600, q = 1.01e+00 +/- 1.01e-01, dq = 1.11e-01 +/- 8.57e-02, learning rate = 1.97e-07, avg iter time = 5.36e-02 sec.
	Iter: 4700, q = 1.00e+00 +/- 1.00e-01, dq = 1.14e-01 +/- 8.80e-02, learning rate = 1.97e-07, avg iter time = 5.36e-02 sec.
	Iter: 4800, q = 1.00e+00 +/- 1.01e-01, dq = 1.13e-01 +/- 8.61e-02, learning rate = 1.97e-07, avg iter time = 5.36e-02 sec.
	Iter: 4900, q = 1.00e+00 +/- 9.71e-02, dq = 1.08e-01 +/- 8.19e-02, learning rate = 1.97e-07, avg iter time = 5.36e-02 sec.
	Iter: 5000, q = 1.00e+00 +/- 1.02e-01, dq = 1.14e-01 +/- 8.47e-02, learning rate = 1.97e-07, avg iter time = 5.37e-02 sec.
	Maximum iteration count reached. Terminating.
		5000 iters
		q = 1.00e+00 +/- 1.02e-01
		dq = 1.14e-01 +/- 8.47e-02
		learning rate = 1.97e-07
		avg iter time = 5.37e-02 sec
	Identified 1000 unique fixed points.
		initial_states: 0 outliers detected (of 1000).
		fixed points: 0 outliers detected (of 1000).
	Fixed point finding complete.


Searching for fixed points from 1000 initial states.

	Finding fixed points via joint optimization.
	Iter: 100, q = 1.28e+00 +/- 1.30e-01, dq = 1.43e-01 +/- 1.05e-01, learning rate = 7.35e-01, avg iter time = 5.67e-02 sec.
	Iter: 200, q = 1.14e+00 +/- 1.16e-01, dq = 1.28e-01 +/- 9.59e-02, learning rate = 3.24e-01, avg iter time = 5.39e-02 sec.
	Iter: 300, q = 1.08e+00 +/- 1.12e-01, dq = 1.22e-01 +/- 8.85e-02, learning rate = 1.42e-01, avg iter time = 5.53e-02 sec.
	Iter: 400, q = 1.03e+00 +/- 1.04e-01, dq = 1.15e-01 +/- 8.96e-02, learning rate = 4.85e-02, avg iter time = 5.51e-02 sec.
	Iter: 500, q = 1.02e+00 +/- 1.01e-01, dq = 1.09e-01 +/- 8.34e-02, learning rate = 1.21e-02, avg iter time = 5.51e-02 sec.
	Iter: 600, q = 1.01e+00 +/- 1.04e-01, dq = 1.15e-01 +/- 8.45e-02, learning rate = 2.48e-03, avg iter time = 5.49e-02 sec.
	Iter: 700, q = 1.01e+00 +/- 1.04e-01, dq = 1.15e-01 +/- 8.73e-02, learning rate = 4.56e-04, avg iter time = 5.47e-02 sec.
	Iter: 800, q = 1.01e+00 +/- 1.08e-01, dq = 1.09e-01 +/- 8.39e-02, learning rate = 7.96e-05, avg iter time = 5.46e-02 sec.
	Iter: 900, q = 1.01e+00 +/- 1.02e-01, dq = 1.14e-01 +/- 8.80e-02, learning rate = 1.47e-05, avg iter time = 5.61e-02 sec.
	Iter: 1000, q = 1.02e+00 +/- 1.03e-01, dq = 1.12e-01 +/- 8.45e-02, learning rate = 2.70e-06, avg iter time = 1.58e+00 sec.
	Iter: 1100, q = 1.00e+00 +/- 1.01e-01, dq = 1.12e-01 +/- 8.48e-02, learning rate = 4.96e-07, avg iter time = 1.44e+00 sec.
	Iter: 1200, q = 1.01e+00 +/- 1.04e-01, dq = 1.09e-01 +/- 8.51e-02, learning rate = 1.97e-07, avg iter time = 1.33e+00 sec.
	Iter: 1300, q = 1.00e+00 +/- 1.05e-01, dq = 1.15e-01 +/- 8.79e-02, learning rate = 1.97e-07, avg iter time = 1.23e+00 sec.
	Iter: 1400, q = 1.01e+00 +/- 1.08e-01, dq = 1.15e-01 +/- 8.69e-02, learning rate = 1.97e-07, avg iter time = 1.15e+00 sec.
	Iter: 1500, q = 1.01e+00 +/- 1.01e-01, dq = 1.10e-01 +/- 8.79e-02, learning rate = 1.97e-07, avg iter time = 1.07e+00 sec.
	Iter: 1600, q = 1.01e+00 +/- 1.08e-01, dq = 1.17e-01 +/- 8.94e-02, learning rate = 1.97e-07, avg iter time = 1.01e+00 sec.
	Iter: 1700, q = 1.02e+00 +/- 1.07e-01, dq = 1.15e-01 +/- 8.70e-02, learning rate = 1.97e-07, avg iter time = 9.53e-01 sec.
	Iter: 1800, q = 1.01e+00 +/- 1.03e-01, dq = 1.13e-01 +/- 8.45e-02, learning rate = 1.97e-07, avg iter time = 9.03e-01 sec.
	Iter: 1900, q = 1.01e+00 +/- 1.03e-01, dq = 1.16e-01 +/- 8.53e-02, learning rate = 1.97e-07, avg iter time = 8.58e-01 sec.
	Iter: 2000, q = 1.02e+00 +/- 1.08e-01, dq = 1.15e-01 +/- 8.57e-02, learning rate = 1.97e-07, avg iter time = 8.18e-01 sec.
	Iter: 2100, q = 1.01e+00 +/- 1.05e-01, dq = 1.17e-01 +/- 8.65e-02, learning rate = 1.97e-07, avg iter time = 7.82e-01 sec.
	Iter: 2200, q = 1.01e+00 +/- 1.04e-01, dq = 1.11e-01 +/- 8.12e-02, learning rate = 1.97e-07, avg iter time = 7.49e-01 sec.
	Iter: 2300, q = 1.02e+00 +/- 1.02e-01, dq = 1.09e-01 +/- 8.54e-02, learning rate = 1.97e-07, avg iter time = 7.18e-01 sec.
	Iter: 2400, q = 1.01e+00 +/- 1.03e-01, dq = 1.14e-01 +/- 8.45e-02, learning rate = 1.97e-07, avg iter time = 6.90e-01 sec.
	Iter: 2500, q = 1.01e+00 +/- 1.08e-01, dq = 1.09e-01 +/- 8.65e-02, learning rate = 1.97e-07, avg iter time = 6.65e-01 sec.
	Iter: 2600, q = 1.01e+00 +/- 9.97e-02, dq = 1.10e-01 +/- 8.45e-02, learning rate = 1.97e-07, avg iter time = 6.41e-01 sec.
	Iter: 2700, q = 1.02e+00 +/- 9.83e-02, dq = 1.11e-01 +/- 8.10e-02, learning rate = 1.97e-07, avg iter time = 6.20e-01 sec.
	Iter: 2800, q = 1.01e+00 +/- 1.01e-01, dq = 1.16e-01 +/- 8.64e-02, learning rate = 1.97e-07, avg iter time = 6.00e-01 sec.
	Iter: 2900, q = 1.02e+00 +/- 1.06e-01, dq = 1.12e-01 +/- 8.28e-02, learning rate = 1.97e-07, avg iter time = 5.81e-01 sec.
	Iter: 3000, q = 1.01e+00 +/- 1.07e-01, dq = 1.14e-01 +/- 8.67e-02, learning rate = 1.97e-07, avg iter time = 5.63e-01 sec.
	Iter: 3100, q = 1.01e+00 +/- 1.02e-01, dq = 1.12e-01 +/- 8.54e-02, learning rate = 1.97e-07, avg iter time = 5.47e-01 sec.
	Iter: 3200, q = 1.01e+00 +/- 1.06e-01, dq = 1.11e-01 +/- 8.36e-02, learning rate = 1.97e-07, avg iter time = 5.32e-01 sec.
	Iter: 3300, q = 1.01e+00 +/- 1.01e-01, dq = 1.11e-01 +/- 8.39e-02, learning rate = 1.97e-07, avg iter time = 5.18e-01 sec.
	Iter: 3400, q = 1.01e+00 +/- 1.05e-01, dq = 1.17e-01 +/- 8.93e-02, learning rate = 1.97e-07, avg iter time = 5.05e-01 sec.
	Iter: 3500, q = 1.01e+00 +/- 1.01e-01, dq = 1.12e-01 +/- 8.24e-02, learning rate = 1.97e-07, avg iter time = 4.93e-01 sec.
	Iter: 3600, q = 1.02e+00 +/- 1.08e-01, dq = 1.20e-01 +/- 9.05e-02, learning rate = 1.97e-07, avg iter time = 4.81e-01 sec.
	Iter: 3700, q = 1.01e+00 +/- 1.06e-01, dq = 1.16e-01 +/- 8.98e-02, learning rate = 1.97e-07, avg iter time = 4.70e-01 sec.
	Iter: 3800, q = 1.01e+00 +/- 1.05e-01, dq = 1.18e-01 +/- 8.84e-02, learning rate = 1.97e-07, avg iter time = 4.59e-01 sec.
	Iter: 3900, q = 1.01e+00 +/- 1.05e-01, dq = 1.10e-01 +/- 8.36e-02, learning rate = 1.97e-07, avg iter time = 4.49e-01 sec.
	Iter: 4000, q = 1.01e+00 +/- 1.05e-01, dq = 1.14e-01 +/- 8.47e-02, learning rate = 1.97e-07, avg iter time = 4.39e-01 sec.
	Iter: 4100, q = 1.00e+00 +/- 1.10e-01, dq = 1.17e-01 +/- 8.73e-02, learning rate = 1.97e-07, avg iter time = 4.30e-01 sec.
	Iter: 4200, q = 1.01e+00 +/- 1.05e-01, dq = 1.17e-01 +/- 8.97e-02, learning rate = 1.97e-07, avg iter time = 4.22e-01 sec.
	Iter: 4300, q = 1.00e+00 +/- 1.04e-01, dq = 1.17e-01 +/- 8.56e-02, learning rate = 1.97e-07, avg iter time = 4.13e-01 sec.
	Iter: 4400, q = 1.01e+00 +/- 1.04e-01, dq = 1.16e-01 +/- 8.84e-02, learning rate = 1.97e-07, avg iter time = 4.05e-01 sec.
	Iter: 4500, q = 1.02e+00 +/- 1.05e-01, dq = 1.17e-01 +/- 8.81e-02, learning rate = 1.97e-07, avg iter time = 3.98e-01 sec.
	Iter: 4600, q = 1.01e+00 +/- 1.04e-01, dq = 1.12e-01 +/- 8.73e-02, learning rate = 1.97e-07, avg iter time = 3.91e-01 sec.
	Iter: 4700, q = 1.01e+00 +/- 1.04e-01, dq = 1.14e-01 +/- 8.71e-02, learning rate = 1.97e-07, avg iter time = 3.84e-01 sec.
	Iter: 4800, q = 1.01e+00 +/- 1.05e-01, dq = 1.15e-01 +/- 8.80e-02, learning rate = 1.97e-07, avg iter time = 3.77e-01 sec.
	Iter: 4900, q = 1.01e+00 +/- 1.09e-01, dq = 1.13e-01 +/- 8.72e-02, learning rate = 1.97e-07, avg iter time = 3.71e-01 sec.
	Iter: 5000, q = 1.01e+00 +/- 1.06e-01, dq = 1.14e-01 +/- 8.75e-02, learning rate = 1.97e-07, avg iter time = 3.65e-01 sec.
	Maximum iteration count reached. Terminating.
		5000 iters
		q = 1.01e+00 +/- 1.06e-01
		dq = 1.14e-01 +/- 8.75e-02
		learning rate = 1.97e-07
		avg iter time = 3.65e-01 sec
	Identified 1000 unique fixed points.
		initial_states: 0 outliers detected (of 1000).
		fixed points: 0 outliers detected (of 1000).
	Fixed point finding complete.

[2025-02-17 23:10:07,899][HYDRA] 	#3 : job_num=6
