[2025-02-18 21:47:59,850][HYDRA] Launching 5 jobs locally
[2025-02-18 21:47:59,850][HYDRA] 	#0 : job_num=0

Searching for fixed points from 1000 initial states.

	Finding fixed points via joint optimization.
	Iter: 100, q = 1.26e+00 +/- 1.29e-01, dq = 1.39e-01 +/- 1.07e-01, learning rate = 6.63e-01, avg iter time = 1.54e-01 sec.
	Iter: 200, q = 1.13e+00 +/- 1.10e-01, dq = 1.25e-01 +/- 9.37e-02, learning rate = 2.77e-01, avg iter time = 1.27e-01 sec.
	Iter: 300, q = 1.05e+00 +/- 1.05e-01, dq = 1.19e-01 +/- 9.23e-02, learning rate = 1.16e-01, avg iter time = 1.19e-01 sec.
	Iter: 400, q = 1.02e+00 +/- 1.04e-01, dq = 1.16e-01 +/- 8.86e-02, learning rate = 3.56e-02, avg iter time = 1.19e-01 sec.
	Iter: 500, q = 1.01e+00 +/- 1.05e-01, dq = 1.17e-01 +/- 8.72e-02, learning rate = 9.39e-03, avg iter time = 1.11e-01 sec.
	Iter: 600, q = 1.01e+00 +/- 1.03e-01, dq = 1.16e-01 +/- 8.97e-02, learning rate = 1.82e-03, avg iter time = 1.08e-01 sec.
	Iter: 700, q = 1.00e+00 +/- 1.02e-01, dq = 1.14e-01 +/- 8.59e-02, learning rate = 3.35e-04, avg iter time = 1.08e-01 sec.
	Iter: 800, q = 9.97e-01 +/- 1.01e-01, dq = 1.12e-01 +/- 8.32e-02, learning rate = 6.16e-05, avg iter time = 1.05e-01 sec.
	Iter: 900, q = 1.00e+00 +/- 9.86e-02, dq = 1.11e-01 +/- 8.34e-02, learning rate = 1.08e-05, avg iter time = 1.05e-01 sec.
	Iter: 1000, q = 1.01e+00 +/- 1.06e-01, dq = 1.15e-01 +/- 8.85e-02, learning rate = 2.09e-06, avg iter time = 1.03e-01 sec.
	Iter: 1100, q = 1.00e+00 +/- 9.92e-02, dq = 1.13e-01 +/- 8.70e-02, learning rate = 3.65e-07, avg iter time = 1.03e-01 sec.
	Iter: 1200, q = 1.00e+00 +/- 1.01e-01, dq = 1.16e-01 +/- 8.78e-02, learning rate = 1.97e-07, avg iter time = 1.02e-01 sec.
	Iter: 1300, q = 9.98e-01 +/- 1.01e-01, dq = 1.15e-01 +/- 8.94e-02, learning rate = 1.97e-07, avg iter time = 1.01e-01 sec.
	Iter: 1400, q = 1.00e+00 +/- 1.04e-01, dq = 1.15e-01 +/- 8.75e-02, learning rate = 1.97e-07, avg iter time = 1.00e-01 sec.
	Iter: 1500, q = 1.00e+00 +/- 9.90e-02, dq = 1.15e-01 +/- 8.79e-02, learning rate = 1.97e-07, avg iter time = 9.98e-02 sec.
	Iter: 1600, q = 9.99e-01 +/- 9.69e-02, dq = 1.09e-01 +/- 8.69e-02, learning rate = 1.97e-07, avg iter time = 1.01e-01 sec.
	Iter: 1700, q = 1.00e+00 +/- 9.96e-02, dq = 1.15e-01 +/- 8.82e-02, learning rate = 1.97e-07, avg iter time = 1.01e-01 sec.
	Iter: 1800, q = 1.00e+00 +/- 1.02e-01, dq = 1.13e-01 +/- 8.78e-02, learning rate = 1.97e-07, avg iter time = 1.01e-01 sec.
	Iter: 1900, q = 1.00e+00 +/- 1.01e-01, dq = 1.13e-01 +/- 8.35e-02, learning rate = 1.97e-07, avg iter time = 1.01e-01 sec.
	Iter: 2000, q = 9.99e-01 +/- 9.80e-02, dq = 1.09e-01 +/- 8.44e-02, learning rate = 1.97e-07, avg iter time = 1.01e-01 sec.
	Iter: 2100, q = 1.01e+00 +/- 1.00e-01, dq = 1.16e-01 +/- 8.67e-02, learning rate = 1.97e-07, avg iter time = 9.97e-02 sec.
	Iter: 2200, q = 1.01e+00 +/- 1.04e-01, dq = 1.14e-01 +/- 8.87e-02, learning rate = 1.97e-07, avg iter time = 1.00e-01 sec.
	Iter: 2300, q = 1.00e+00 +/- 1.04e-01, dq = 1.10e-01 +/- 8.46e-02, learning rate = 1.97e-07, avg iter time = 1.00e-01 sec.
	Iter: 2400, q = 1.00e+00 +/- 9.97e-02, dq = 1.13e-01 +/- 8.81e-02, learning rate = 1.97e-07, avg iter time = 1.00e-01 sec.
	Iter: 2500, q = 1.00e+00 +/- 1.01e-01, dq = 1.15e-01 +/- 8.50e-02, learning rate = 1.97e-07, avg iter time = 1.00e-01 sec.
	Iter: 2600, q = 1.00e+00 +/- 9.84e-02, dq = 1.12e-01 +/- 8.70e-02, learning rate = 1.97e-07, avg iter time = 1.02e-01 sec.
	Iter: 2700, q = 1.00e+00 +/- 1.03e-01, dq = 1.08e-01 +/- 8.43e-02, learning rate = 1.97e-07, avg iter time = 1.03e-01 sec.
	Iter: 2800, q = 1.00e+00 +/- 1.00e-01, dq = 1.12e-01 +/- 8.54e-02, learning rate = 1.97e-07, avg iter time = 1.04e-01 sec.
	Iter: 2900, q = 1.01e+00 +/- 1.05e-01, dq = 1.17e-01 +/- 8.86e-02, learning rate = 1.97e-07, avg iter time = 1.04e-01 sec.
	Iter: 3000, q = 1.00e+00 +/- 1.00e-01, dq = 1.11e-01 +/- 8.74e-02, learning rate = 1.97e-07, avg iter time = 1.04e-01 sec.
	Iter: 3100, q = 1.00e+00 +/- 9.79e-02, dq = 1.10e-01 +/- 8.59e-02, learning rate = 1.97e-07, avg iter time = 1.04e-01 sec.
	Iter: 3200, q = 1.00e+00 +/- 1.03e-01, dq = 1.12e-01 +/- 8.77e-02, learning rate = 1.97e-07, avg iter time = 1.04e-01 sec.
	Iter: 3300, q = 1.00e+00 +/- 1.03e-01, dq = 1.16e-01 +/- 8.63e-02, learning rate = 1.97e-07, avg iter time = 1.04e-01 sec.
	Iter: 3400, q = 1.00e+00 +/- 1.00e-01, dq = 1.14e-01 +/- 8.49e-02, learning rate = 1.97e-07, avg iter time = 1.03e-01 sec.
	Iter: 3500, q = 1.00e+00 +/- 9.98e-02, dq = 1.14e-01 +/- 8.74e-02, learning rate = 1.97e-07, avg iter time = 1.03e-01 sec.
	Iter: 3600, q = 1.01e+00 +/- 1.04e-01, dq = 1.17e-01 +/- 9.09e-02, learning rate = 1.97e-07, avg iter time = 1.02e-01 sec.
	Iter: 3700, q = 1.01e+00 +/- 1.00e-01, dq = 1.12e-01 +/- 8.81e-02, learning rate = 1.97e-07, avg iter time = 1.02e-01 sec.
	Iter: 3800, q = 1.00e+00 +/- 9.76e-02, dq = 1.12e-01 +/- 8.78e-02, learning rate = 1.97e-07, avg iter time = 1.02e-01 sec.
	Iter: 3900, q = 9.97e-01 +/- 1.01e-01, dq = 1.14e-01 +/- 8.63e-02, learning rate = 1.97e-07, avg iter time = 1.02e-01 sec.
	Iter: 4000, q = 1.01e+00 +/- 1.04e-01, dq = 1.13e-01 +/- 8.57e-02, learning rate = 1.97e-07, avg iter time = 1.01e-01 sec.
	Iter: 4100, q = 1.00e+00 +/- 1.03e-01, dq = 1.13e-01 +/- 8.97e-02, learning rate = 1.97e-07, avg iter time = 1.01e-01 sec.
	Iter: 4200, q = 1.00e+00 +/- 9.80e-02, dq = 1.12e-01 +/- 8.42e-02, learning rate = 1.97e-07, avg iter time = 1.01e-01 sec.
	Iter: 4300, q = 1.00e+00 +/- 1.00e-01, dq = 1.14e-01 +/- 8.85e-02, learning rate = 1.97e-07, avg iter time = 1.01e-01 sec.
	Iter: 4400, q = 1.00e+00 +/- 1.00e-01, dq = 1.14e-01 +/- 8.55e-02, learning rate = 1.97e-07, avg iter time = 1.01e-01 sec.
	Iter: 4500, q = 1.00e+00 +/- 9.84e-02, dq = 1.14e-01 +/- 8.67e-02, learning rate = 1.97e-07, avg iter time = 1.01e-01 sec.
	Iter: 4600, q = 1.01e+00 +/- 9.84e-02, dq = 1.17e-01 +/- 8.66e-02, learning rate = 1.97e-07, avg iter time = 1.01e-01 sec.
	Iter: 4700, q = 1.01e+00 +/- 1.03e-01, dq = 1.16e-01 +/- 8.67e-02, learning rate = 1.97e-07, avg iter time = 1.01e-01 sec.
	Iter: 4800, q = 1.00e+00 +/- 9.98e-02, dq = 1.15e-01 +/- 8.76e-02, learning rate = 1.97e-07, avg iter time = 1.01e-01 sec.
	Iter: 4900, q = 1.00e+00 +/- 1.00e-01, dq = 1.11e-01 +/- 8.43e-02, learning rate = 1.97e-07, avg iter time = 1.01e-01 sec.
	Iter: 5000, q = 1.01e+00 +/- 1.00e-01, dq = 1.14e-01 +/- 8.76e-02, learning rate = 1.97e-07, avg iter time = 1.01e-01 sec.
	Maximum iteration count reached. Terminating.
		5000 iters
		q = 1.01e+00 +/- 1.00e-01
		dq = 1.14e-01 +/- 8.76e-02
		learning rate = 1.97e-07
		avg iter time = 1.01e-01 sec
	Identified 1000 unique fixed points.
		initial_states: 0 outliers detected (of 1000).
		fixed points: 0 outliers detected (of 1000).
	Fixed point finding complete.


Searching for fixed points from 1000 initial states.

	Finding fixed points via joint optimization.
	Iter: 100, q = 1.31e+00 +/- 1.40e-01, dq = 1.47e-01 +/- 1.11e-01, learning rate = 8.15e-01, avg iter time = 1.17e-01 sec.
	Iter: 200, q = 1.17e+00 +/- 1.17e-01, dq = 1.27e-01 +/- 9.93e-02, learning rate = 3.97e-01, avg iter time = 1.04e-01 sec.
	Iter: 300, q = 1.08e+00 +/- 1.09e-01, dq = 1.23e-01 +/- 9.38e-02, learning rate = 1.75e-01, avg iter time = 1.03e-01 sec.
	Iter: 400, q = 1.03e+00 +/- 1.08e-01, dq = 1.18e-01 +/- 8.90e-02, learning rate = 5.95e-02, avg iter time = 1.05e-01 sec.
	Iter: 500, q = 1.01e+00 +/- 1.03e-01, dq = 1.12e-01 +/- 8.61e-02, learning rate = 1.65e-02, avg iter time = 1.07e-01 sec.
	Iter: 600, q = 1.01e+00 +/- 1.00e-01, dq = 1.12e-01 +/- 8.75e-02, learning rate = 3.73e-03, avg iter time = 1.07e-01 sec.
	Iter: 700, q = 1.01e+00 +/- 9.88e-02, dq = 1.13e-01 +/- 8.33e-02, learning rate = 7.61e-04, avg iter time = 1.07e-01 sec.
	Iter: 800, q = 1.01e+00 +/- 1.01e-01, dq = 1.11e-01 +/- 8.27e-02, learning rate = 1.33e-04, avg iter time = 1.06e-01 sec.
	Iter: 900, q = 1.01e+00 +/- 1.06e-01, dq = 1.08e-01 +/- 8.64e-02, learning rate = 2.58e-05, avg iter time = 1.06e-01 sec.
	Iter: 1000, q = 1.01e+00 +/- 1.03e-01, dq = 1.10e-01 +/- 8.51e-02, learning rate = 4.50e-06, avg iter time = 1.06e-01 sec.
	Iter: 1100, q = 1.01e+00 +/- 1.03e-01, dq = 1.16e-01 +/- 8.45e-02, learning rate = 8.29e-07, avg iter time = 1.05e-01 sec.
	Iter: 1200, q = 1.01e+00 +/- 1.04e-01, dq = 1.16e-01 +/- 8.53e-02, learning rate = 1.97e-07, avg iter time = 5.86e+00 sec.
	Iter: 1300, q = 1.01e+00 +/- 9.96e-02, dq = 1.10e-01 +/- 8.23e-02, learning rate = 1.97e-07, avg iter time = 5.42e+00 sec.
	Iter: 1400, q = 1.01e+00 +/- 1.03e-01, dq = 1.18e-01 +/- 8.65e-02, learning rate = 1.97e-07, avg iter time = 5.04e+00 sec.
	Iter: 1500, q = 1.01e+00 +/- 1.05e-01, dq = 1.15e-01 +/- 8.75e-02, learning rate = 1.97e-07, avg iter time = 4.71e+00 sec.
	Iter: 1600, q = 1.02e+00 +/- 1.07e-01, dq = 1.19e-01 +/- 8.94e-02, learning rate = 1.97e-07, avg iter time = 4.43e+00 sec.
	Iter: 1700, q = 1.01e+00 +/- 1.03e-01, dq = 1.15e-01 +/- 8.87e-02, learning rate = 1.97e-07, avg iter time = 4.17e+00 sec.
	Iter: 1800, q = 1.01e+00 +/- 9.99e-02, dq = 1.11e-01 +/- 8.53e-02, learning rate = 1.97e-07, avg iter time = 3.94e+00 sec.
	Iter: 1900, q = 1.01e+00 +/- 1.03e-01, dq = 1.12e-01 +/- 8.28e-02, learning rate = 1.97e-07, avg iter time = 3.74e+00 sec.
	Iter: 2000, q = 1.01e+00 +/- 1.03e-01, dq = 1.15e-01 +/- 8.53e-02, learning rate = 1.97e-07, avg iter time = 3.56e+00 sec.
	Iter: 2100, q = 1.02e+00 +/- 1.08e-01, dq = 1.13e-01 +/- 8.91e-02, learning rate = 1.97e-07, avg iter time = 3.40e+00 sec.
	Iter: 2200, q = 1.01e+00 +/- 1.05e-01, dq = 1.16e-01 +/- 8.82e-02, learning rate = 1.97e-07, avg iter time = 3.25e+00 sec.
	Iter: 2300, q = 1.01e+00 +/- 1.02e-01, dq = 1.14e-01 +/- 8.84e-02, learning rate = 1.97e-07, avg iter time = 3.11e+00 sec.
	Iter: 2400, q = 1.01e+00 +/- 1.01e-01, dq = 1.14e-01 +/- 8.26e-02, learning rate = 1.97e-07, avg iter time = 2.98e+00 sec.
	Iter: 2500, q = 1.01e+00 +/- 1.08e-01, dq = 1.18e-01 +/- 8.96e-02, learning rate = 1.97e-07, avg iter time = 2.87e+00 sec.
	Iter: 2600, q = 1.01e+00 +/- 1.05e-01, dq = 1.19e-01 +/- 9.15e-02, learning rate = 1.97e-07, avg iter time = 2.76e+00 sec.
	Iter: 2700, q = 1.00e+00 +/- 1.07e-01, dq = 1.12e-01 +/- 8.65e-02, learning rate = 1.97e-07, avg iter time = 2.66e+00 sec.
	Iter: 2800, q = 1.01e+00 +/- 1.05e-01, dq = 1.12e-01 +/- 8.80e-02, learning rate = 1.97e-07, avg iter time = 2.57e+00 sec.
	Iter: 2900, q = 1.01e+00 +/- 1.04e-01, dq = 1.16e-01 +/- 8.79e-02, learning rate = 1.97e-07, avg iter time = 2.49e+00 sec.
	Iter: 3000, q = 1.01e+00 +/- 1.08e-01, dq = 1.18e-01 +/- 8.80e-02, learning rate = 1.97e-07, avg iter time = 2.41e+00 sec.
	Iter: 3100, q = 1.01e+00 +/- 1.06e-01, dq = 1.17e-01 +/- 8.81e-02, learning rate = 1.97e-07, avg iter time = 2.33e+00 sec.
	Iter: 3200, q = 1.01e+00 +/- 1.05e-01, dq = 1.11e-01 +/- 8.64e-02, learning rate = 1.97e-07, avg iter time = 2.26e+00 sec.
	Iter: 3300, q = 1.01e+00 +/- 1.07e-01, dq = 1.16e-01 +/- 8.80e-02, learning rate = 1.97e-07, avg iter time = 2.20e+00 sec.
	Iter: 3400, q = 1.01e+00 +/- 1.05e-01, dq = 1.12e-01 +/- 8.36e-02, learning rate = 1.97e-07, avg iter time = 2.14e+00 sec.
	Iter: 3500, q = 1.01e+00 +/- 1.02e-01, dq = 1.13e-01 +/- 8.16e-02, learning rate = 1.97e-07, avg iter time = 2.08e+00 sec.
	Iter: 3600, q = 1.01e+00 +/- 1.07e-01, dq = 1.17e-01 +/- 8.49e-02, learning rate = 1.97e-07, avg iter time = 2.02e+00 sec.
	Iter: 3700, q = 1.01e+00 +/- 1.06e-01, dq = 1.15e-01 +/- 8.64e-02, learning rate = 1.97e-07, avg iter time = 1.97e+00 sec.
	Iter: 3800, q = 1.01e+00 +/- 1.02e-01, dq = 1.14e-01 +/- 8.93e-02, learning rate = 1.97e-07, avg iter time = 1.92e+00 sec.
	Iter: 3900, q = 1.01e+00 +/- 1.04e-01, dq = 1.11e-01 +/- 8.58e-02, learning rate = 1.97e-07, avg iter time = 1.88e+00 sec.
	Iter: 4000, q = 1.00e+00 +/- 1.07e-01, dq = 1.16e-01 +/- 8.83e-02, learning rate = 1.97e-07, avg iter time = 1.83e+00 sec.
	Iter: 4100, q = 1.01e+00 +/- 9.72e-02, dq = 1.09e-01 +/- 7.92e-02, learning rate = 1.97e-07, avg iter time = 1.79e+00 sec.
	Iter: 4200, q = 1.02e+00 +/- 1.03e-01, dq = 1.13e-01 +/- 8.85e-02, learning rate = 1.97e-07, avg iter time = 1.75e+00 sec.
	Iter: 4300, q = 1.01e+00 +/- 1.04e-01, dq = 1.11e-01 +/- 8.38e-02, learning rate = 1.97e-07, avg iter time = 1.71e+00 sec.
	Iter: 4400, q = 1.01e+00 +/- 9.80e-02, dq = 1.14e-01 +/- 8.51e-02, learning rate = 1.97e-07, avg iter time = 1.68e+00 sec.
	Iter: 4500, q = 1.01e+00 +/- 1.02e-01, dq = 1.14e-01 +/- 8.85e-02, learning rate = 1.97e-07, avg iter time = 1.64e+00 sec.
	Iter: 4600, q = 1.00e+00 +/- 1.02e-01, dq = 1.15e-01 +/- 8.57e-02, learning rate = 1.97e-07, avg iter time = 1.61e+00 sec.
	Iter: 4700, q = 1.01e+00 +/- 1.06e-01, dq = 1.15e-01 +/- 8.95e-02, learning rate = 1.97e-07, avg iter time = 1.58e+00 sec.
	Iter: 4800, q = 1.01e+00 +/- 1.02e-01, dq = 1.17e-01 +/- 8.44e-02, learning rate = 1.97e-07, avg iter time = 1.55e+00 sec.
	Iter: 4900, q = 1.02e+00 +/- 1.02e-01, dq = 1.14e-01 +/- 8.32e-02, learning rate = 1.97e-07, avg iter time = 1.52e+00 sec.
	Iter: 5000, q = 1.01e+00 +/- 9.97e-02, dq = 1.11e-01 +/- 8.50e-02, learning rate = 1.97e-07, avg iter time = 1.49e+00 sec.
	Maximum iteration count reached. Terminating.
		5000 iters
		q = 1.01e+00 +/- 9.97e-02
		dq = 1.11e-01 +/- 8.50e-02
		learning rate = 1.97e-07
		avg iter time = 1.49e+00 sec
	Identified 1000 unique fixed points.
		initial_states: 0 outliers detected (of 1000).
		fixed points: 0 outliers detected (of 1000).
	Fixed point finding complete.

[2025-02-18 21:54:49,074][HYDRA] 	#1 : job_num=1

Searching for fixed points from 1000 initial states.

	Finding fixed points via joint optimization.
	Iter: 100, q = 1.27e+00 +/- 1.25e-01, dq = 1.41e-01 +/- 1.03e-01, learning rate = 6.98e-01, avg iter time = 1.06e-01 sec.
	Iter: 200, q = 1.15e+00 +/- 1.17e-01, dq = 1.29e-01 +/- 9.64e-02, learning rate = 3.58e-01, avg iter time = 9.78e-02 sec.
	Iter: 300, q = 1.06e+00 +/- 1.05e-01, dq = 1.18e-01 +/- 8.92e-02, learning rate = 1.50e-01, avg iter time = 9.56e-02 sec.
	Iter: 400, q = 1.03e+00 +/- 1.05e-01, dq = 1.18e-01 +/- 8.70e-02, learning rate = 5.66e-02, avg iter time = 9.70e-02 sec.
	Iter: 500, q = 1.01e+00 +/- 9.93e-02, dq = 1.11e-01 +/- 8.11e-02, learning rate = 1.21e-02, avg iter time = 9.79e-02 sec.
	Iter: 600, q = 1.00e+00 +/- 9.74e-02, dq = 1.12e-01 +/- 8.26e-02, learning rate = 2.61e-03, avg iter time = 9.52e-02 sec.
	Iter: 700, q = 1.00e+00 +/- 1.00e-01, dq = 1.18e-01 +/- 8.64e-02, learning rate = 5.31e-04, avg iter time = 9.53e-02 sec.
	Iter: 800, q = 1.01e+00 +/- 9.90e-02, dq = 1.13e-01 +/- 8.55e-02, learning rate = 1.03e-04, avg iter time = 9.50e-02 sec.
	Iter: 900, q = 1.00e+00 +/- 9.72e-02, dq = 1.07e-01 +/- 8.31e-02, learning rate = 1.99e-05, avg iter time = 9.25e-02 sec.
	Iter: 1000, q = 1.00e+00 +/- 1.03e-01, dq = 1.12e-01 +/- 8.81e-02, learning rate = 3.67e-06, avg iter time = 9.17e-02 sec.
	Iter: 1100, q = 1.00e+00 +/- 1.01e-01, dq = 1.14e-01 +/- 8.49e-02, learning rate = 6.41e-07, avg iter time = 9.09e-02 sec.
	Iter: 1200, q = 1.01e+00 +/- 1.01e-01, dq = 1.11e-01 +/- 8.86e-02, learning rate = 1.97e-07, avg iter time = 9.17e-02 sec.
	Iter: 1300, q = 1.00e+00 +/- 1.01e-01, dq = 1.14e-01 +/- 8.75e-02, learning rate = 1.97e-07, avg iter time = 9.13e-02 sec.
	Iter: 1400, q = 1.00e+00 +/- 9.80e-02, dq = 1.08e-01 +/- 8.14e-02, learning rate = 1.97e-07, avg iter time = 9.13e-02 sec.
	Iter: 1500, q = 9.95e-01 +/- 9.79e-02, dq = 1.13e-01 +/- 8.55e-02, learning rate = 1.97e-07, avg iter time = 9.14e-02 sec.
	Iter: 1600, q = 1.01e+00 +/- 1.02e-01, dq = 1.16e-01 +/- 8.92e-02, learning rate = 1.97e-07, avg iter time = 9.07e-02 sec.
	Iter: 1700, q = 1.00e+00 +/- 9.86e-02, dq = 1.16e-01 +/- 8.93e-02, learning rate = 1.97e-07, avg iter time = 9.04e-02 sec.
	Iter: 1800, q = 1.00e+00 +/- 1.01e-01, dq = 1.16e-01 +/- 9.11e-02, learning rate = 1.97e-07, avg iter time = 9.01e-02 sec.
	Iter: 1900, q = 1.01e+00 +/- 1.01e-01, dq = 1.16e-01 +/- 8.81e-02, learning rate = 1.97e-07, avg iter time = 9.07e-02 sec.
	Iter: 2000, q = 1.01e+00 +/- 1.01e-01, dq = 1.12e-01 +/- 8.33e-02, learning rate = 1.97e-07, avg iter time = 9.02e-02 sec.
	Iter: 2100, q = 1.01e+00 +/- 9.89e-02, dq = 1.13e-01 +/- 8.48e-02, learning rate = 1.97e-07, avg iter time = 9.02e-02 sec.
	Iter: 2200, q = 1.00e+00 +/- 9.92e-02, dq = 1.13e-01 +/- 8.42e-02, learning rate = 1.97e-07, avg iter time = 9.03e-02 sec.
	Iter: 2300, q = 1.01e+00 +/- 9.78e-02, dq = 1.10e-01 +/- 8.44e-02, learning rate = 1.97e-07, avg iter time = 9.04e-02 sec.
	Iter: 2400, q = 1.01e+00 +/- 1.01e-01, dq = 1.14e-01 +/- 8.88e-02, learning rate = 1.97e-07, avg iter time = 9.02e-02 sec.
	Iter: 2500, q = 1.00e+00 +/- 1.01e-01, dq = 1.16e-01 +/- 8.27e-02, learning rate = 1.97e-07, avg iter time = 9.02e-02 sec.
	Iter: 2600, q = 1.01e+00 +/- 1.01e-01, dq = 1.19e-01 +/- 8.78e-02, learning rate = 1.97e-07, avg iter time = 9.05e-02 sec.
	Iter: 2700, q = 1.00e+00 +/- 1.02e-01, dq = 1.12e-01 +/- 8.47e-02, learning rate = 1.97e-07, avg iter time = 9.03e-02 sec.
	Iter: 2800, q = 1.00e+00 +/- 9.97e-02, dq = 1.13e-01 +/- 8.51e-02, learning rate = 1.97e-07, avg iter time = 9.04e-02 sec.
	Iter: 2900, q = 1.00e+00 +/- 1.04e-01, dq = 1.16e-01 +/- 8.77e-02, learning rate = 1.97e-07, avg iter time = 9.07e-02 sec.
	Iter: 3000, q = 9.99e-01 +/- 9.73e-02, dq = 1.11e-01 +/- 8.61e-02, learning rate = 1.97e-07, avg iter time = 9.03e-02 sec.
	Iter: 3100, q = 1.00e+00 +/- 1.00e-01, dq = 1.14e-01 +/- 8.56e-02, learning rate = 1.97e-07, avg iter time = 9.02e-02 sec.
	Iter: 3200, q = 1.01e+00 +/- 1.03e-01, dq = 1.13e-01 +/- 8.42e-02, learning rate = 1.97e-07, avg iter time = 9.03e-02 sec.
	Iter: 3300, q = 1.01e+00 +/- 9.75e-02, dq = 1.14e-01 +/- 8.81e-02, learning rate = 1.97e-07, avg iter time = 9.03e-02 sec.
	Iter: 3400, q = 1.01e+00 +/- 1.03e-01, dq = 1.13e-01 +/- 8.53e-02, learning rate = 1.97e-07, avg iter time = 9.00e-02 sec.
	Iter: 3500, q = 1.01e+00 +/- 9.72e-02, dq = 1.07e-01 +/- 8.15e-02, learning rate = 1.97e-07, avg iter time = 9.00e-02 sec.
	Iter: 3600, q = 1.01e+00 +/- 1.02e-01, dq = 1.11e-01 +/- 8.55e-02, learning rate = 1.97e-07, avg iter time = 9.02e-02 sec.
	Iter: 3700, q = 1.00e+00 +/- 9.70e-02, dq = 1.11e-01 +/- 8.46e-02, learning rate = 1.97e-07, avg iter time = 9.01e-02 sec.
	Iter: 3800, q = 1.01e+00 +/- 9.81e-02, dq = 1.15e-01 +/- 8.26e-02, learning rate = 1.97e-07, avg iter time = 9.06e-02 sec.
	Iter: 3900, q = 1.00e+00 +/- 1.00e-01, dq = 1.19e-01 +/- 8.89e-02, learning rate = 1.97e-07, avg iter time = 9.10e-02 sec.
	Iter: 4000, q = 1.00e+00 +/- 1.01e-01, dq = 1.14e-01 +/- 8.66e-02, learning rate = 1.97e-07, avg iter time = 9.09e-02 sec.
	Iter: 4100, q = 1.01e+00 +/- 1.02e-01, dq = 1.14e-01 +/- 8.69e-02, learning rate = 1.97e-07, avg iter time = 9.09e-02 sec.
	Iter: 4200, q = 1.01e+00 +/- 9.79e-02, dq = 1.12e-01 +/- 8.67e-02, learning rate = 1.97e-07, avg iter time = 9.10e-02 sec.
	Iter: 4300, q = 1.00e+00 +/- 9.66e-02, dq = 1.12e-01 +/- 8.11e-02, learning rate = 1.97e-07, avg iter time = 9.13e-02 sec.
	Iter: 4400, q = 1.00e+00 +/- 1.05e-01, dq = 1.20e-01 +/- 8.83e-02, learning rate = 1.97e-07, avg iter time = 9.12e-02 sec.
	Iter: 4500, q = 1.00e+00 +/- 9.97e-02, dq = 1.16e-01 +/- 8.82e-02, learning rate = 1.97e-07, avg iter time = 9.14e-02 sec.
	Iter: 4600, q = 1.00e+00 +/- 1.00e-01, dq = 1.16e-01 +/- 8.54e-02, learning rate = 1.97e-07, avg iter time = 9.14e-02 sec.
	Iter: 4700, q = 1.00e+00 +/- 1.01e-01, dq = 1.15e-01 +/- 8.56e-02, learning rate = 1.97e-07, avg iter time = 9.13e-02 sec.
	Iter: 4800, q = 1.01e+00 +/- 9.98e-02, dq = 1.16e-01 +/- 8.75e-02, learning rate = 1.97e-07, avg iter time = 9.13e-02 sec.
	Iter: 4900, q = 1.00e+00 +/- 9.98e-02, dq = 1.09e-01 +/- 8.41e-02, learning rate = 1.97e-07, avg iter time = 9.14e-02 sec.
	Iter: 5000, q = 1.00e+00 +/- 9.92e-02, dq = 1.11e-01 +/- 8.44e-02, learning rate = 1.97e-07, avg iter time = 9.14e-02 sec.
	Maximum iteration count reached. Terminating.
		5000 iters
		q = 1.00e+00 +/- 9.92e-02
		dq = 1.11e-01 +/- 8.44e-02
		learning rate = 1.97e-07
		avg iter time = 9.14e-02 sec
	Identified 1000 unique fixed points.
		initial_states: 0 outliers detected (of 1000).
		fixed points: 0 outliers detected (of 1000).
	Fixed point finding complete.


Searching for fixed points from 1000 initial states.

	Finding fixed points via joint optimization.
	Iter: 100, q = 1.28e+00 +/- 1.32e-01, dq = 1.47e-01 +/- 1.13e-01, learning rate = 6.98e-01, avg iter time = 3.14e+02 sec.
	Iter: 200, q = 1.14e+00 +/- 1.14e-01, dq = 1.30e-01 +/- 9.46e-02, learning rate = 3.07e-01, avg iter time = 1.57e+02 sec.
	Iter: 300, q = 1.06e+00 +/- 1.11e-01, dq = 1.20e-01 +/- 8.96e-02, learning rate = 1.29e-01, avg iter time = 1.05e+02 sec.
	Iter: 400, q = 1.02e+00 +/- 1.04e-01, dq = 1.08e-01 +/- 8.48e-02, learning rate = 4.16e-02, avg iter time = 7.87e+01 sec.
	Iter: 500, q = 1.01e+00 +/- 1.04e-01, dq = 1.18e-01 +/- 9.05e-02, learning rate = 1.15e-02, avg iter time = 6.30e+01 sec.
	Iter: 600, q = 1.02e+00 +/- 1.07e-01, dq = 1.17e-01 +/- 8.88e-02, learning rate = 2.12e-03, avg iter time = 5.25e+01 sec.
	Iter: 700, q = 1.01e+00 +/- 1.05e-01, dq = 1.15e-01 +/- 8.68e-02, learning rate = 4.11e-04, avg iter time = 4.50e+01 sec.
	Iter: 800, q = 1.01e+00 +/- 1.01e-01, dq = 1.12e-01 +/- 8.25e-02, learning rate = 7.57e-05, avg iter time = 3.94e+01 sec.
	Iter: 900, q = 1.01e+00 +/- 1.05e-01, dq = 1.15e-01 +/- 8.82e-02, learning rate = 1.39e-05, avg iter time = 3.50e+01 sec.
	Iter: 1000, q = 1.01e+00 +/- 9.95e-02, dq = 1.10e-01 +/- 8.61e-02, learning rate = 2.56e-06, avg iter time = 3.15e+01 sec.
	Iter: 1100, q = 1.01e+00 +/- 1.01e-01, dq = 1.15e-01 +/- 8.76e-02, learning rate = 4.48e-07, avg iter time = 2.87e+01 sec.
	Iter: 1200, q = 1.01e+00 +/- 1.01e-01, dq = 1.11e-01 +/- 8.52e-02, learning rate = 1.97e-07, avg iter time = 2.63e+01 sec.
	Iter: 1300, q = 1.01e+00 +/- 1.02e-01, dq = 1.13e-01 +/- 8.51e-02, learning rate = 1.97e-07, avg iter time = 2.43e+01 sec.
	Iter: 1400, q = 1.01e+00 +/- 1.02e-01, dq = 1.13e-01 +/- 8.52e-02, learning rate = 1.97e-07, avg iter time = 2.26e+01 sec.
	Iter: 1500, q = 1.01e+00 +/- 9.85e-02, dq = 1.11e-01 +/- 8.58e-02, learning rate = 1.97e-07, avg iter time = 2.11e+01 sec.
	Iter: 1600, q = 1.01e+00 +/- 1.03e-01, dq = 1.18e-01 +/- 9.00e-02, learning rate = 1.97e-07, avg iter time = 1.98e+01 sec.
	Iter: 1700, q = 1.01e+00 +/- 1.06e-01, dq = 1.17e-01 +/- 8.73e-02, learning rate = 1.97e-07, avg iter time = 1.86e+01 sec.
	Iter: 1800, q = 1.01e+00 +/- 1.06e-01, dq = 1.14e-01 +/- 9.17e-02, learning rate = 1.97e-07, avg iter time = 1.76e+01 sec.
	Iter: 1900, q = 1.01e+00 +/- 1.03e-01, dq = 1.11e-01 +/- 8.14e-02, learning rate = 1.97e-07, avg iter time = 1.67e+01 sec.
	Iter: 2000, q = 1.01e+00 +/- 1.03e-01, dq = 1.13e-01 +/- 8.35e-02, learning rate = 1.97e-07, avg iter time = 1.58e+01 sec.
	Iter: 2100, q = 1.01e+00 +/- 1.01e-01, dq = 1.13e-01 +/- 8.77e-02, learning rate = 1.97e-07, avg iter time = 1.51e+01 sec.
	Iter: 2200, q = 1.00e+00 +/- 9.81e-02, dq = 1.10e-01 +/- 8.49e-02, learning rate = 1.97e-07, avg iter time = 1.44e+01 sec.
	Iter: 2300, q = 1.01e+00 +/- 1.04e-01, dq = 1.11e-01 +/- 8.54e-02, learning rate = 1.97e-07, avg iter time = 1.38e+01 sec.
	Iter: 2400, q = 1.01e+00 +/- 1.06e-01, dq = 1.18e-01 +/- 8.85e-02, learning rate = 1.97e-07, avg iter time = 1.32e+01 sec.
	Iter: 2500, q = 1.01e+00 +/- 1.02e-01, dq = 1.13e-01 +/- 8.52e-02, learning rate = 1.97e-07, avg iter time = 1.27e+01 sec.
	Iter: 2600, q = 1.01e+00 +/- 1.06e-01, dq = 1.11e-01 +/- 8.49e-02, learning rate = 1.97e-07, avg iter time = 1.22e+01 sec.
	Iter: 2700, q = 1.01e+00 +/- 1.01e-01, dq = 1.15e-01 +/- 8.34e-02, learning rate = 1.97e-07, avg iter time = 1.18e+01 sec.
	Iter: 2800, q = 1.01e+00 +/- 1.00e-01, dq = 1.11e-01 +/- 8.41e-02, learning rate = 1.97e-07, avg iter time = 1.14e+01 sec.
	Iter: 2900, q = 1.01e+00 +/- 9.86e-02, dq = 1.11e-01 +/- 8.19e-02, learning rate = 1.97e-07, avg iter time = 1.10e+01 sec.
	Iter: 3000, q = 1.01e+00 +/- 1.06e-01, dq = 1.13e-01 +/- 8.70e-02, learning rate = 1.97e-07, avg iter time = 1.06e+01 sec.
	Iter: 3100, q = 1.01e+00 +/- 1.05e-01, dq = 1.17e-01 +/- 8.48e-02, learning rate = 1.97e-07, avg iter time = 1.03e+01 sec.
	Iter: 3200, q = 1.02e+00 +/- 1.05e-01, dq = 1.10e-01 +/- 8.54e-02, learning rate = 1.97e-07, avg iter time = 9.95e+00 sec.
	Iter: 3300, q = 1.01e+00 +/- 1.06e-01, dq = 1.13e-01 +/- 8.56e-02, learning rate = 1.97e-07, avg iter time = 9.65e+00 sec.
	Iter: 3400, q = 1.00e+00 +/- 1.07e-01, dq = 1.15e-01 +/- 8.79e-02, learning rate = 1.97e-07, avg iter time = 9.37e+00 sec.
	Iter: 3500, q = 1.01e+00 +/- 1.01e-01, dq = 1.14e-01 +/- 8.54e-02, learning rate = 1.97e-07, avg iter time = 9.10e+00 sec.
	Iter: 3600, q = 1.01e+00 +/- 1.05e-01, dq = 1.14e-01 +/- 8.51e-02, learning rate = 1.97e-07, avg iter time = 8.85e+00 sec.
	Iter: 3700, q = 1.01e+00 +/- 1.01e-01, dq = 1.10e-01 +/- 8.56e-02, learning rate = 1.97e-07, avg iter time = 8.62e+00 sec.
	Iter: 3800, q = 1.01e+00 +/- 9.87e-02, dq = 1.13e-01 +/- 8.44e-02, learning rate = 1.97e-07, avg iter time = 8.39e+00 sec.
	Iter: 3900, q = 1.01e+00 +/- 1.01e-01, dq = 1.17e-01 +/- 8.76e-02, learning rate = 1.97e-07, avg iter time = 8.18e+00 sec.
	Iter: 4000, q = 1.01e+00 +/- 1.02e-01, dq = 1.17e-01 +/- 8.91e-02, learning rate = 1.97e-07, avg iter time = 7.98e+00 sec.
	Iter: 4100, q = 1.01e+00 +/- 1.00e-01, dq = 1.14e-01 +/- 8.42e-02, learning rate = 1.97e-07, avg iter time = 7.79e+00 sec.
	Iter: 4200, q = 1.01e+00 +/- 1.04e-01, dq = 1.14e-01 +/- 8.53e-02, learning rate = 1.97e-07, avg iter time = 7.60e+00 sec.
	Iter: 4300, q = 1.01e+00 +/- 1.07e-01, dq = 1.16e-01 +/- 8.54e-02, learning rate = 1.97e-07, avg iter time = 7.43e+00 sec.
	Iter: 4400, q = 1.01e+00 +/- 1.01e-01, dq = 1.17e-01 +/- 8.59e-02, learning rate = 1.97e-07, avg iter time = 7.26e+00 sec.
	Iter: 4500, q = 1.01e+00 +/- 1.02e-01, dq = 1.10e-01 +/- 8.42e-02, learning rate = 1.97e-07, avg iter time = 7.11e+00 sec.
	Iter: 4600, q = 1.01e+00 +/- 1.01e-01, dq = 1.16e-01 +/- 8.40e-02, learning rate = 1.97e-07, avg iter time = 6.95e+00 sec.
	Iter: 4700, q = 1.02e+00 +/- 1.03e-01, dq = 1.13e-01 +/- 8.61e-02, learning rate = 1.97e-07, avg iter time = 6.94e+00 sec.
	Iter: 4800, q = 1.01e+00 +/- 1.02e-01, dq = 1.12e-01 +/- 8.48e-02, learning rate = 1.97e-07, avg iter time = 6.79e+00 sec.
	Iter: 4900, q = 1.01e+00 +/- 9.96e-02, dq = 1.11e-01 +/- 8.46e-02, learning rate = 1.97e-07, avg iter time = 6.66e+00 sec.
	Iter: 5000, q = 1.01e+00 +/- 1.01e-01, dq = 1.12e-01 +/- 8.29e-02, learning rate = 1.97e-07, avg iter time = 6.53e+00 sec.
	Maximum iteration count reached. Terminating.
		5000 iters
		q = 1.01e+00 +/- 1.01e-01
		dq = 1.12e-01 +/- 8.29e-02
		learning rate = 1.97e-07
		avg iter time = 6.53e+00 sec
	Identified 1000 unique fixed points.
		initial_states: 0 outliers detected (of 1000).
		fixed points: 0 outliers detected (of 1000).
	Fixed point finding complete.

[2025-02-19 07:06:23,652][HYDRA] 	#2 : job_num=2

Searching for fixed points from 1000 initial states.

	Finding fixed points via joint optimization.
	Iter: 100, q = 1.26e+00 +/- 1.20e-01, dq = 1.39e-01 +/- 1.01e-01, learning rate = 6.63e-01, avg iter time = 1.30e-01 sec.
	Iter: 200, q = 1.14e+00 +/- 1.16e-01, dq = 1.32e-01 +/- 9.76e-02, learning rate = 3.07e-01, avg iter time = 1.34e-01 sec.
	Iter: 300, q = 1.07e+00 +/- 1.07e-01, dq = 1.18e-01 +/- 8.86e-02, learning rate = 1.42e-01, avg iter time = 1.36e-01 sec.
	Iter: 400, q = 1.02e+00 +/- 1.03e-01, dq = 1.17e-01 +/- 8.64e-02, learning rate = 4.61e-02, avg iter time = 1.34e-01 sec.
	Iter: 500, q = 1.01e+00 +/- 1.01e-01, dq = 1.12e-01 +/- 8.50e-02, learning rate = 1.04e-02, avg iter time = 1.31e-01 sec.
	Iter: 600, q = 1.00e+00 +/- 1.03e-01, dq = 1.14e-01 +/- 8.51e-02, learning rate = 1.92e-03, avg iter time = 1.31e-01 sec.
	Iter: 700, q = 1.00e+00 +/- 9.95e-02, dq = 1.12e-01 +/- 8.54e-02, learning rate = 3.52e-04, avg iter time = 1.28e-01 sec.
	Iter: 800, q = 1.00e+00 +/- 9.98e-02, dq = 1.15e-01 +/- 8.48e-02, learning rate = 6.16e-05, avg iter time = 1.26e-01 sec.
	Iter: 900, q = 1.00e+00 +/- 9.85e-02, dq = 1.15e-01 +/- 8.77e-02, learning rate = 1.19e-05, avg iter time = 1.25e-01 sec.
	Iter: 1000, q = 1.01e+00 +/- 9.90e-02, dq = 1.10e-01 +/- 8.49e-02, learning rate = 2.20e-06, avg iter time = 1.23e-01 sec.
	Iter: 1100, q = 1.00e+00 +/- 1.01e-01, dq = 1.16e-01 +/- 8.75e-02, learning rate = 3.84e-07, avg iter time = 1.23e-01 sec.
	Iter: 1200, q = 1.01e+00 +/- 9.82e-02, dq = 1.09e-01 +/- 8.26e-02, learning rate = 1.97e-07, avg iter time = 1.23e-01 sec.
	Iter: 1300, q = 1.00e+00 +/- 1.00e-01, dq = 1.15e-01 +/- 8.50e-02, learning rate = 1.97e-07, avg iter time = 1.22e-01 sec.
	Iter: 1400, q = 1.00e+00 +/- 1.02e-01, dq = 1.14e-01 +/- 8.53e-02, learning rate = 1.97e-07, avg iter time = 1.20e-01 sec.
	Iter: 1500, q = 1.00e+00 +/- 9.90e-02, dq = 1.12e-01 +/- 8.64e-02, learning rate = 1.97e-07, avg iter time = 1.20e-01 sec.
	Iter: 1600, q = 9.99e-01 +/- 9.69e-02, dq = 1.13e-01 +/- 8.32e-02, learning rate = 1.97e-07, avg iter time = 1.20e-01 sec.
	Iter: 1700, q = 1.00e+00 +/- 1.00e-01, dq = 1.14e-01 +/- 8.73e-02, learning rate = 1.97e-07, avg iter time = 1.20e-01 sec.
	Iter: 1800, q = 1.01e+00 +/- 1.01e-01, dq = 1.15e-01 +/- 8.48e-02, learning rate = 1.97e-07, avg iter time = 1.20e-01 sec.
	Iter: 1900, q = 1.00e+00 +/- 1.03e-01, dq = 1.19e-01 +/- 9.01e-02, learning rate = 1.97e-07, avg iter time = 1.19e-01 sec.
	Iter: 2000, q = 1.00e+00 +/- 1.02e-01, dq = 1.12e-01 +/- 8.36e-02, learning rate = 1.97e-07, avg iter time = 1.18e-01 sec.
	Iter: 2100, q = 1.00e+00 +/- 9.89e-02, dq = 1.12e-01 +/- 8.58e-02, learning rate = 1.97e-07, avg iter time = 1.18e-01 sec.
	Iter: 2200, q = 1.00e+00 +/- 1.03e-01, dq = 1.17e-01 +/- 8.95e-02, learning rate = 1.97e-07, avg iter time = 1.17e-01 sec.
	Iter: 2300, q = 1.01e+00 +/- 9.98e-02, dq = 1.12e-01 +/- 8.51e-02, learning rate = 1.97e-07, avg iter time = 1.17e-01 sec.
	Iter: 2400, q = 1.00e+00 +/- 1.02e-01, dq = 1.14e-01 +/- 8.80e-02, learning rate = 1.97e-07, avg iter time = 1.17e-01 sec.
	Iter: 2500, q = 1.00e+00 +/- 9.94e-02, dq = 1.11e-01 +/- 8.44e-02, learning rate = 1.97e-07, avg iter time = 1.17e-01 sec.
	Iter: 2600, q = 1.00e+00 +/- 9.58e-02, dq = 1.06e-01 +/- 8.09e-02, learning rate = 1.97e-07, avg iter time = 1.17e-01 sec.
	Iter: 2700, q = 1.00e+00 +/- 1.02e-01, dq = 1.15e-01 +/- 8.59e-02, learning rate = 1.97e-07, avg iter time = 1.18e-01 sec.
	Iter: 2800, q = 1.00e+00 +/- 9.51e-02, dq = 1.12e-01 +/- 8.62e-02, learning rate = 1.97e-07, avg iter time = 1.20e-01 sec.
	Iter: 2900, q = 9.99e-01 +/- 1.02e-01, dq = 1.13e-01 +/- 8.93e-02, learning rate = 1.97e-07, avg iter time = 1.23e-01 sec.
	Iter: 3000, q = 1.00e+00 +/- 9.94e-02, dq = 1.12e-01 +/- 8.87e-02, learning rate = 1.97e-07, avg iter time = 1.23e-01 sec.
	Iter: 3100, q = 9.96e-01 +/- 1.03e-01, dq = 1.16e-01 +/- 8.95e-02, learning rate = 1.97e-07, avg iter time = 1.24e-01 sec.
	Iter: 3200, q = 1.00e+00 +/- 1.02e-01, dq = 1.13e-01 +/- 8.54e-02, learning rate = 1.97e-07, avg iter time = 1.25e-01 sec.
	Iter: 3300, q = 1.00e+00 +/- 1.02e-01, dq = 1.14e-01 +/- 8.72e-02, learning rate = 1.97e-07, avg iter time = 1.25e-01 sec.
	Iter: 3400, q = 1.00e+00 +/- 1.04e-01, dq = 1.11e-01 +/- 8.51e-02, learning rate = 1.97e-07, avg iter time = 1.25e-01 sec.
	Iter: 3500, q = 1.01e+00 +/- 9.93e-02, dq = 1.11e-01 +/- 8.43e-02, learning rate = 1.97e-07, avg iter time = 1.25e-01 sec.
	Iter: 3600, q = 1.00e+00 +/- 9.95e-02, dq = 1.14e-01 +/- 8.69e-02, learning rate = 1.97e-07, avg iter time = 1.24e-01 sec.
	Iter: 3700, q = 1.00e+00 +/- 9.57e-02, dq = 1.09e-01 +/- 8.29e-02, learning rate = 1.97e-07, avg iter time = 1.23e-01 sec.
	Iter: 3800, q = 1.00e+00 +/- 1.00e-01, dq = 1.16e-01 +/- 8.65e-02, learning rate = 1.97e-07, avg iter time = 1.23e-01 sec.
	Iter: 3900, q = 1.01e+00 +/- 1.01e-01, dq = 1.14e-01 +/- 8.58e-02, learning rate = 1.97e-07, avg iter time = 1.22e-01 sec.
	Iter: 4000, q = 1.00e+00 +/- 9.92e-02, dq = 1.14e-01 +/- 8.84e-02, learning rate = 1.97e-07, avg iter time = 1.22e-01 sec.
	Iter: 4100, q = 1.01e+00 +/- 1.00e-01, dq = 1.13e-01 +/- 8.30e-02, learning rate = 1.97e-07, avg iter time = 1.21e-01 sec.
	Iter: 4200, q = 9.99e-01 +/- 9.99e-02, dq = 1.12e-01 +/- 8.10e-02, learning rate = 1.97e-07, avg iter time = 1.22e-01 sec.
	Iter: 4300, q = 1.01e+00 +/- 1.03e-01, dq = 1.15e-01 +/- 8.64e-02, learning rate = 1.97e-07, avg iter time = 1.22e-01 sec.
	Iter: 4400, q = 1.00e+00 +/- 1.02e-01, dq = 1.10e-01 +/- 8.91e-02, learning rate = 1.97e-07, avg iter time = 1.22e-01 sec.
	Iter: 4500, q = 1.00e+00 +/- 1.01e-01, dq = 1.17e-01 +/- 8.92e-02, learning rate = 1.97e-07, avg iter time = 1.23e-01 sec.
	Iter: 4600, q = 1.00e+00 +/- 1.02e-01, dq = 1.16e-01 +/- 8.74e-02, learning rate = 1.97e-07, avg iter time = 1.23e-01 sec.
	Iter: 4700, q = 1.01e+00 +/- 1.05e-01, dq = 1.17e-01 +/- 8.88e-02, learning rate = 1.97e-07, avg iter time = 1.22e-01 sec.
	Iter: 4800, q = 1.01e+00 +/- 1.04e-01, dq = 1.15e-01 +/- 8.38e-02, learning rate = 1.97e-07, avg iter time = 1.22e-01 sec.
	Iter: 4900, q = 1.01e+00 +/- 9.83e-02, dq = 1.13e-01 +/- 8.93e-02, learning rate = 1.97e-07, avg iter time = 1.22e-01 sec.
	Iter: 5000, q = 1.00e+00 +/- 9.90e-02, dq = 1.11e-01 +/- 8.69e-02, learning rate = 1.97e-07, avg iter time = 1.22e-01 sec.
	Maximum iteration count reached. Terminating.
		5000 iters
		q = 1.00e+00 +/- 9.90e-02
		dq = 1.11e-01 +/- 8.69e-02
		learning rate = 1.97e-07
		avg iter time = 1.22e-01 sec
	Identified 1000 unique fixed points.
		initial_states: 0 outliers detected (of 1000).
		fixed points: 0 outliers detected (of 1000).
	Fixed point finding complete.


Searching for fixed points from 1000 initial states.

	Finding fixed points via joint optimization.
	Iter: 100, q = 1.28e+00 +/- 1.31e-01, dq = 1.47e-01 +/- 1.12e-01, learning rate = 6.98e-01, avg iter time = 1.18e-01 sec.
	Iter: 200, q = 1.15e+00 +/- 1.15e-01, dq = 1.35e-01 +/- 9.72e-02, learning rate = 3.41e-01, avg iter time = 1.22e-01 sec.
	Iter: 300, q = 1.07e+00 +/- 1.11e-01, dq = 1.27e-01 +/- 9.38e-02, learning rate = 1.50e-01, avg iter time = 1.19e-01 sec.
	Iter: 400, q = 1.03e+00 +/- 1.00e-01, dq = 1.18e-01 +/- 9.11e-02, learning rate = 5.10e-02, avg iter time = 1.17e-01 sec.
	Iter: 500, q = 1.02e+00 +/- 1.04e-01, dq = 1.16e-01 +/- 8.54e-02, learning rate = 1.15e-02, avg iter time = 1.18e-01 sec.
	Iter: 600, q = 1.01e+00 +/- 1.01e-01, dq = 1.14e-01 +/- 8.59e-02, learning rate = 2.61e-03, avg iter time = 1.16e-01 sec.
	Iter: 700, q = 1.01e+00 +/- 9.96e-02, dq = 1.11e-01 +/- 8.46e-02, learning rate = 4.80e-04, avg iter time = 1.18e-01 sec.
	Iter: 800, q = 1.01e+00 +/- 1.02e-01, dq = 1.12e-01 +/- 8.60e-02, learning rate = 9.29e-05, avg iter time = 1.18e-01 sec.
	Iter: 900, q = 1.01e+00 +/- 1.04e-01, dq = 1.15e-01 +/- 8.73e-02, learning rate = 1.71e-05, avg iter time = 1.18e-01 sec.
	Iter: 1000, q = 1.01e+00 +/- 1.02e-01, dq = 1.13e-01 +/- 8.30e-02, learning rate = 3.31e-06, avg iter time = 1.16e-01 sec.
	Iter: 1100, q = 1.00e+00 +/- 1.01e-01, dq = 1.09e-01 +/- 8.38e-02, learning rate = 6.09e-07, avg iter time = 1.15e-01 sec.
	Iter: 1200, q = 1.00e+00 +/- 1.02e-01, dq = 1.17e-01 +/- 9.02e-02, learning rate = 1.97e-07, avg iter time = 1.15e-01 sec.
	Iter: 1300, q = 1.01e+00 +/- 9.88e-02, dq = 1.11e-01 +/- 8.52e-02, learning rate = 1.97e-07, avg iter time = 1.14e-01 sec.
	Iter: 1400, q = 1.00e+00 +/- 9.89e-02, dq = 1.08e-01 +/- 8.68e-02, learning rate = 1.97e-07, avg iter time = 1.13e-01 sec.
	Iter: 1500, q = 1.01e+00 +/- 1.01e-01, dq = 1.16e-01 +/- 8.81e-02, learning rate = 1.97e-07, avg iter time = 1.12e-01 sec.
	Iter: 1600, q = 1.01e+00 +/- 1.08e-01, dq = 1.16e-01 +/- 8.92e-02, learning rate = 1.97e-07, avg iter time = 1.11e-01 sec.
	Iter: 1700, q = 1.01e+00 +/- 1.02e-01, dq = 1.14e-01 +/- 8.79e-02, learning rate = 1.97e-07, avg iter time = 1.11e-01 sec.
	Iter: 1800, q = 1.01e+00 +/- 1.05e-01, dq = 1.16e-01 +/- 8.72e-02, learning rate = 1.97e-07, avg iter time = 1.11e-01 sec.
	Iter: 1900, q = 1.01e+00 +/- 1.04e-01, dq = 1.16e-01 +/- 8.48e-02, learning rate = 1.97e-07, avg iter time = 1.10e-01 sec.
	Iter: 2000, q = 1.01e+00 +/- 9.22e-02, dq = 1.14e-01 +/- 8.67e-02, learning rate = 1.97e-07, avg iter time = 1.10e-01 sec.
	Iter: 2100, q = 1.01e+00 +/- 9.64e-02, dq = 1.08e-01 +/- 8.27e-02, learning rate = 1.97e-07, avg iter time = 1.10e-01 sec.
	Iter: 2200, q = 1.01e+00 +/- 1.02e-01, dq = 1.11e-01 +/- 8.58e-02, learning rate = 1.97e-07, avg iter time = 1.10e-01 sec.
	Iter: 2300, q = 1.01e+00 +/- 1.03e-01, dq = 1.15e-01 +/- 8.52e-02, learning rate = 1.97e-07, avg iter time = 1.10e-01 sec.
	Iter: 2400, q = 1.01e+00 +/- 9.93e-02, dq = 1.10e-01 +/- 8.32e-02, learning rate = 1.97e-07, avg iter time = 1.10e-01 sec.
	Iter: 2500, q = 1.01e+00 +/- 1.00e-01, dq = 1.15e-01 +/- 8.21e-02, learning rate = 1.97e-07, avg iter time = 1.10e-01 sec.
	Iter: 2600, q = 1.01e+00 +/- 1.04e-01, dq = 1.14e-01 +/- 8.62e-02, learning rate = 1.97e-07, avg iter time = 1.10e-01 sec.
	Iter: 2700, q = 1.01e+00 +/- 1.00e-01, dq = 1.12e-01 +/- 8.77e-02, learning rate = 1.97e-07, avg iter time = 1.10e-01 sec.
	Iter: 2800, q = 1.01e+00 +/- 1.00e-01, dq = 1.16e-01 +/- 8.49e-02, learning rate = 1.97e-07, avg iter time = 1.10e-01 sec.
	Iter: 2900, q = 1.01e+00 +/- 9.94e-02, dq = 1.18e-01 +/- 8.52e-02, learning rate = 1.97e-07, avg iter time = 1.11e-01 sec.
	Iter: 3000, q = 1.01e+00 +/- 1.00e-01, dq = 1.16e-01 +/- 8.61e-02, learning rate = 1.97e-07, avg iter time = 1.11e-01 sec.
	Iter: 3100, q = 1.01e+00 +/- 1.04e-01, dq = 1.14e-01 +/- 8.49e-02, learning rate = 1.97e-07, avg iter time = 1.11e-01 sec.
	Iter: 3200, q = 1.01e+00 +/- 1.01e-01, dq = 1.16e-01 +/- 8.74e-02, learning rate = 1.97e-07, avg iter time = 1.12e-01 sec.
	Iter: 3300, q = 1.01e+00 +/- 9.88e-02, dq = 1.14e-01 +/- 8.33e-02, learning rate = 1.97e-07, avg iter time = 1.12e-01 sec.
	Iter: 3400, q = 1.01e+00 +/- 1.01e-01, dq = 1.12e-01 +/- 8.53e-02, learning rate = 1.97e-07, avg iter time = 1.13e-01 sec.
	Iter: 3500, q = 1.02e+00 +/- 1.05e-01, dq = 1.20e-01 +/- 9.24e-02, learning rate = 1.97e-07, avg iter time = 1.13e-01 sec.
	Iter: 3600, q = 1.01e+00 +/- 1.03e-01, dq = 1.15e-01 +/- 8.25e-02, learning rate = 1.97e-07, avg iter time = 1.12e-01 sec.
	Iter: 3700, q = 1.01e+00 +/- 1.02e-01, dq = 1.11e-01 +/- 8.38e-02, learning rate = 1.97e-07, avg iter time = 1.13e-01 sec.
	Iter: 3800, q = 1.01e+00 +/- 1.02e-01, dq = 1.18e-01 +/- 8.90e-02, learning rate = 1.97e-07, avg iter time = 1.13e-01 sec.
	Iter: 3900, q = 1.01e+00 +/- 1.05e-01, dq = 1.18e-01 +/- 8.79e-02, learning rate = 1.97e-07, avg iter time = 1.14e-01 sec.
	Iter: 4000, q = 1.01e+00 +/- 9.94e-02, dq = 1.11e-01 +/- 8.43e-02, learning rate = 1.97e-07, avg iter time = 1.15e-01 sec.
	Iter: 4100, q = 1.01e+00 +/- 1.04e-01, dq = 1.12e-01 +/- 8.60e-02, learning rate = 1.97e-07, avg iter time = 1.15e-01 sec.
	Iter: 4200, q = 1.01e+00 +/- 1.02e-01, dq = 1.15e-01 +/- 8.54e-02, learning rate = 1.97e-07, avg iter time = 1.15e-01 sec.
	Iter: 4300, q = 1.01e+00 +/- 1.06e-01, dq = 1.17e-01 +/- 8.79e-02, learning rate = 1.97e-07, avg iter time = 1.14e-01 sec.
	Iter: 4400, q = 1.01e+00 +/- 1.02e-01, dq = 1.12e-01 +/- 8.39e-02, learning rate = 1.97e-07, avg iter time = 1.15e-01 sec.
	Iter: 4500, q = 1.01e+00 +/- 1.03e-01, dq = 1.12e-01 +/- 8.45e-02, learning rate = 1.97e-07, avg iter time = 1.14e-01 sec.
	Iter: 4600, q = 1.01e+00 +/- 1.02e-01, dq = 1.17e-01 +/- 8.71e-02, learning rate = 1.97e-07, avg iter time = 1.15e-01 sec.
	Iter: 4700, q = 1.01e+00 +/- 9.57e-02, dq = 1.13e-01 +/- 8.39e-02, learning rate = 1.97e-07, avg iter time = 1.14e-01 sec.
	Iter: 4800, q = 1.01e+00 +/- 1.05e-01, dq = 1.18e-01 +/- 8.70e-02, learning rate = 1.97e-07, avg iter time = 1.15e-01 sec.
	Iter: 4900, q = 1.01e+00 +/- 1.00e-01, dq = 1.12e-01 +/- 8.30e-02, learning rate = 1.97e-07, avg iter time = 1.15e-01 sec.
	Iter: 5000, q = 1.01e+00 +/- 1.02e-01, dq = 1.13e-01 +/- 8.47e-02, learning rate = 1.97e-07, avg iter time = 1.14e-01 sec.
	Maximum iteration count reached. Terminating.
		5000 iters
		q = 1.01e+00 +/- 1.02e-01
		dq = 1.13e-01 +/- 8.47e-02
		learning rate = 1.97e-07
		avg iter time = 1.14e-01 sec
	Identified 1000 unique fixed points.
		initial_states: 0 outliers detected (of 1000).
		fixed points: 0 outliers detected (of 1000).
	Fixed point finding complete.

[2025-02-19 07:26:11,170][HYDRA] 	#3 : job_num=3

Searching for fixed points from 1000 initial states.

	Finding fixed points via joint optimization.
	Iter: 100, q = 1.29e+00 +/- 1.33e-01, dq = 1.45e-01 +/- 1.05e-01, learning rate = 6.63e-01, avg iter time = 1.04e-01 sec.
	Iter: 200, q = 1.15e+00 +/- 1.12e-01, dq = 1.27e-01 +/- 9.48e-02, learning rate = 3.41e-01, avg iter time = 1.08e-01 sec.
	Iter: 300, q = 1.07e+00 +/- 1.06e-01, dq = 1.21e-01 +/- 9.23e-02, learning rate = 1.50e-01, avg iter time = 1.08e-01 sec.
	Iter: 400, q = 1.02e+00 +/- 1.02e-01, dq = 1.17e-01 +/- 8.84e-02, learning rate = 4.61e-02, avg iter time = 1.23e-01 sec.
	Iter: 500, q = 1.01e+00 +/- 1.00e-01, dq = 1.12e-01 +/- 8.61e-02, learning rate = 1.10e-02, avg iter time = 1.21e-01 sec.
	Iter: 600, q = 1.00e+00 +/- 9.75e-02, dq = 1.11e-01 +/- 8.07e-02, learning rate = 2.23e-03, avg iter time = 1.21e-01 sec.
	Iter: 700, q = 1.01e+00 +/- 9.80e-02, dq = 1.11e-01 +/- 8.54e-02, learning rate = 4.11e-04, avg iter time = 1.19e-01 sec.
	Iter: 800, q = 1.00e+00 +/- 9.41e-02, dq = 1.10e-01 +/- 8.31e-02, learning rate = 7.57e-05, avg iter time = 1.16e-01 sec.
	Iter: 900, q = 1.01e+00 +/- 1.03e-01, dq = 1.15e-01 +/- 8.76e-02, learning rate = 1.32e-05, avg iter time = 1.16e-01 sec.
	Iter: 1000, q = 9.99e-01 +/- 1.01e-01, dq = 1.14e-01 +/- 8.48e-02, learning rate = 2.43e-06, avg iter time = 1.16e-01 sec.
	Iter: 1100, q = 1.01e+00 +/- 1.01e-01, dq = 1.11e-01 +/- 8.79e-02, learning rate = 4.72e-07, avg iter time = 1.16e-01 sec.
	Iter: 1200, q = 1.00e+00 +/- 1.01e-01, dq = 1.14e-01 +/- 8.82e-02, learning rate = 1.97e-07, avg iter time = 1.17e-01 sec.
	Iter: 1300, q = 1.00e+00 +/- 1.05e-01, dq = 1.13e-01 +/- 8.88e-02, learning rate = 1.97e-07, avg iter time = 1.17e-01 sec.
	Iter: 1400, q = 1.00e+00 +/- 1.05e-01, dq = 1.15e-01 +/- 9.04e-02, learning rate = 1.97e-07, avg iter time = 1.16e-01 sec.
	Iter: 1500, q = 1.01e+00 +/- 9.71e-02, dq = 1.14e-01 +/- 8.41e-02, learning rate = 1.97e-07, avg iter time = 1.17e-01 sec.
	Iter: 1600, q = 1.00e+00 +/- 1.03e-01, dq = 1.16e-01 +/- 8.65e-02, learning rate = 1.97e-07, avg iter time = 1.16e-01 sec.
	Iter: 1700, q = 1.00e+00 +/- 1.05e-01, dq = 1.11e-01 +/- 8.63e-02, learning rate = 1.97e-07, avg iter time = 1.15e-01 sec.
	Iter: 1800, q = 1.01e+00 +/- 1.04e-01, dq = 1.13e-01 +/- 8.69e-02, learning rate = 1.97e-07, avg iter time = 1.15e-01 sec.
	Iter: 1900, q = 1.01e+00 +/- 1.00e-01, dq = 1.12e-01 +/- 8.75e-02, learning rate = 1.97e-07, avg iter time = 1.15e-01 sec.
	Iter: 2000, q = 9.98e-01 +/- 9.96e-02, dq = 1.14e-01 +/- 8.92e-02, learning rate = 1.97e-07, avg iter time = 1.15e-01 sec.
	Iter: 2100, q = 1.01e+00 +/- 1.01e-01, dq = 1.14e-01 +/- 8.31e-02, learning rate = 1.97e-07, avg iter time = 1.15e-01 sec.
	Iter: 2200, q = 1.01e+00 +/- 1.03e-01, dq = 1.16e-01 +/- 8.79e-02, learning rate = 1.97e-07, avg iter time = 1.15e-01 sec.
	Iter: 2300, q = 1.00e+00 +/- 9.76e-02, dq = 1.16e-01 +/- 8.71e-02, learning rate = 1.97e-07, avg iter time = 1.15e-01 sec.
	Iter: 2400, q = 1.00e+00 +/- 9.81e-02, dq = 1.09e-01 +/- 8.63e-02, learning rate = 1.97e-07, avg iter time = 1.14e-01 sec.
	Iter: 2500, q = 1.01e+00 +/- 1.02e-01, dq = 1.15e-01 +/- 8.67e-02, learning rate = 1.97e-07, avg iter time = 1.13e-01 sec.
	Iter: 2600, q = 1.00e+00 +/- 1.01e-01, dq = 1.16e-01 +/- 8.74e-02, learning rate = 1.97e-07, avg iter time = 1.13e-01 sec.
	Iter: 2700, q = 1.00e+00 +/- 1.01e-01, dq = 1.16e-01 +/- 8.78e-02, learning rate = 1.97e-07, avg iter time = 1.13e-01 sec.
	Iter: 2800, q = 1.01e+00 +/- 1.03e-01, dq = 1.15e-01 +/- 8.69e-02, learning rate = 1.97e-07, avg iter time = 1.13e-01 sec.
	Iter: 2900, q = 1.00e+00 +/- 1.02e-01, dq = 1.14e-01 +/- 8.60e-02, learning rate = 1.97e-07, avg iter time = 1.13e-01 sec.
	Iter: 3000, q = 1.00e+00 +/- 9.95e-02, dq = 1.11e-01 +/- 8.11e-02, learning rate = 1.97e-07, avg iter time = 1.14e-01 sec.
	Iter: 3100, q = 1.00e+00 +/- 1.04e-01, dq = 1.13e-01 +/- 8.52e-02, learning rate = 1.97e-07, avg iter time = 1.15e-01 sec.
	Iter: 3200, q = 1.00e+00 +/- 9.63e-02, dq = 1.11e-01 +/- 8.33e-02, learning rate = 1.97e-07, avg iter time = 1.15e-01 sec.
	Iter: 3300, q = 1.00e+00 +/- 9.96e-02, dq = 1.14e-01 +/- 8.62e-02, learning rate = 1.97e-07, avg iter time = 1.15e-01 sec.
	Iter: 3400, q = 1.01e+00 +/- 9.95e-02, dq = 1.14e-01 +/- 8.34e-02, learning rate = 1.97e-07, avg iter time = 1.15e-01 sec.
	Iter: 3500, q = 1.01e+00 +/- 9.96e-02, dq = 1.18e-01 +/- 8.70e-02, learning rate = 1.97e-07, avg iter time = 1.15e-01 sec.
	Iter: 3600, q = 1.00e+00 +/- 9.89e-02, dq = 1.16e-01 +/- 8.64e-02, learning rate = 1.97e-07, avg iter time = 1.16e-01 sec.
	Iter: 3700, q = 1.01e+00 +/- 9.95e-02, dq = 1.13e-01 +/- 8.50e-02, learning rate = 1.97e-07, avg iter time = 1.16e-01 sec.
	Iter: 3800, q = 1.00e+00 +/- 1.01e-01, dq = 1.16e-01 +/- 8.72e-02, learning rate = 1.97e-07, avg iter time = 1.16e-01 sec.
	Iter: 3900, q = 1.00e+00 +/- 9.82e-02, dq = 1.16e-01 +/- 8.97e-02, learning rate = 1.97e-07, avg iter time = 1.16e-01 sec.
	Iter: 4000, q = 1.01e+00 +/- 9.86e-02, dq = 1.12e-01 +/- 8.33e-02, learning rate = 1.97e-07, avg iter time = 1.15e-01 sec.
	Iter: 4100, q = 9.99e-01 +/- 9.82e-02, dq = 1.09e-01 +/- 8.44e-02, learning rate = 1.97e-07, avg iter time = 1.15e-01 sec.
	Iter: 4200, q = 1.00e+00 +/- 9.67e-02, dq = 1.13e-01 +/- 8.32e-02, learning rate = 1.97e-07, avg iter time = 1.15e-01 sec.
	Iter: 4300, q = 1.00e+00 +/- 1.02e-01, dq = 1.10e-01 +/- 8.32e-02, learning rate = 1.97e-07, avg iter time = 1.15e-01 sec.
	Iter: 4400, q = 1.00e+00 +/- 1.04e-01, dq = 1.14e-01 +/- 8.82e-02, learning rate = 1.97e-07, avg iter time = 1.15e-01 sec.
	Iter: 4500, q = 1.00e+00 +/- 9.82e-02, dq = 1.14e-01 +/- 8.63e-02, learning rate = 1.97e-07, avg iter time = 1.15e-01 sec.
	Iter: 4600, q = 9.96e-01 +/- 9.80e-02, dq = 1.10e-01 +/- 8.71e-02, learning rate = 1.97e-07, avg iter time = 1.15e-01 sec.
	Iter: 4700, q = 1.01e+00 +/- 1.01e-01, dq = 1.14e-01 +/- 8.58e-02, learning rate = 1.97e-07, avg iter time = 1.15e-01 sec.
	Iter: 4800, q = 1.00e+00 +/- 9.88e-02, dq = 1.08e-01 +/- 8.45e-02, learning rate = 1.97e-07, avg iter time = 1.14e-01 sec.
	Iter: 4900, q = 1.01e+00 +/- 1.02e-01, dq = 1.16e-01 +/- 8.73e-02, learning rate = 1.97e-07, avg iter time = 1.14e-01 sec.
	Iter: 5000, q = 1.01e+00 +/- 1.00e-01, dq = 1.14e-01 +/- 8.36e-02, learning rate = 1.97e-07, avg iter time = 1.14e-01 sec.
	Maximum iteration count reached. Terminating.
		5000 iters
		q = 1.01e+00 +/- 1.00e-01
		dq = 1.14e-01 +/- 8.36e-02
		learning rate = 1.97e-07
		avg iter time = 1.14e-01 sec
	Identified 1000 unique fixed points.
		initial_states: 0 outliers detected (of 1000).
		fixed points: 0 outliers detected (of 1000).
	Fixed point finding complete.


Searching for fixed points from 1000 initial states.

	Finding fixed points via joint optimization.
	Iter: 100, q = 1.29e+00 +/- 1.36e-01, dq = 1.43e-01 +/- 1.07e-01, learning rate = 7.35e-01, avg iter time = 1.21e-01 sec.
	Iter: 200, q = 1.17e+00 +/- 1.26e-01, dq = 1.35e-01 +/- 1.01e-01, learning rate = 3.77e-01, avg iter time = 1.15e-01 sec.
	Iter: 300, q = 1.08e+00 +/- 1.08e-01, dq = 1.18e-01 +/- 9.14e-02, learning rate = 1.66e-01, avg iter time = 1.10e-01 sec.
	Iter: 400, q = 1.03e+00 +/- 1.07e-01, dq = 1.16e-01 +/- 8.72e-02, learning rate = 5.66e-02, avg iter time = 1.15e-01 sec.
	Iter: 500, q = 1.02e+00 +/- 1.04e-01, dq = 1.16e-01 +/- 8.85e-02, learning rate = 1.42e-02, avg iter time = 1.10e-01 sec.
	Iter: 600, q = 1.01e+00 +/- 1.04e-01, dq = 1.12e-01 +/- 8.76e-02, learning rate = 3.04e-03, avg iter time = 1.10e-01 sec.
	Iter: 700, q = 1.01e+00 +/- 1.01e-01, dq = 1.12e-01 +/- 8.33e-02, learning rate = 5.89e-04, avg iter time = 1.14e-01 sec.
	Iter: 800, q = 1.01e+00 +/- 1.05e-01, dq = 1.14e-01 +/- 8.62e-02, learning rate = 1.08e-04, avg iter time = 1.12e-01 sec.
	Iter: 900, q = 1.01e+00 +/- 1.02e-01, dq = 1.12e-01 +/- 8.15e-02, learning rate = 1.99e-05, avg iter time = 1.13e-01 sec.
	Iter: 1000, q = 1.01e+00 +/- 1.04e-01, dq = 1.11e-01 +/- 8.32e-02, learning rate = 3.67e-06, avg iter time = 1.14e-01 sec.
	Iter: 1100, q = 1.01e+00 +/- 1.02e-01, dq = 1.13e-01 +/- 8.59e-02, learning rate = 6.41e-07, avg iter time = 1.13e-01 sec.
	Iter: 1200, q = 1.01e+00 +/- 1.06e-01, dq = 1.11e-01 +/- 8.67e-02, learning rate = 1.97e-07, avg iter time = 1.15e-01 sec.
	Iter: 1300, q = 1.01e+00 +/- 1.10e-01, dq = 1.22e-01 +/- 9.00e-02, learning rate = 1.97e-07, avg iter time = 1.15e-01 sec.
	Iter: 1400, q = 1.01e+00 +/- 1.01e-01, dq = 1.13e-01 +/- 8.29e-02, learning rate = 1.97e-07, avg iter time = 1.14e-01 sec.
	Iter: 1500, q = 1.01e+00 +/- 1.04e-01, dq = 1.14e-01 +/- 8.69e-02, learning rate = 1.97e-07, avg iter time = 1.14e-01 sec.
	Iter: 1600, q = 1.01e+00 +/- 1.06e-01, dq = 1.14e-01 +/- 8.52e-02, learning rate = 1.97e-07, avg iter time = 1.14e-01 sec.
	Iter: 1700, q = 1.01e+00 +/- 1.06e-01, dq = 1.11e-01 +/- 8.69e-02, learning rate = 1.97e-07, avg iter time = 1.14e-01 sec.
	Iter: 1800, q = 1.01e+00 +/- 1.04e-01, dq = 1.13e-01 +/- 8.63e-02, learning rate = 1.97e-07, avg iter time = 1.14e-01 sec.
	Iter: 1900, q = 1.01e+00 +/- 1.03e-01, dq = 1.15e-01 +/- 8.76e-02, learning rate = 1.97e-07, avg iter time = 1.13e-01 sec.
	Iter: 2000, q = 1.01e+00 +/- 1.06e-01, dq = 1.13e-01 +/- 8.98e-02, learning rate = 1.97e-07, avg iter time = 1.13e-01 sec.
	Iter: 2100, q = 1.01e+00 +/- 1.06e-01, dq = 1.15e-01 +/- 9.02e-02, learning rate = 1.97e-07, avg iter time = 1.12e-01 sec.
	Iter: 2200, q = 1.01e+00 +/- 1.05e-01, dq = 1.14e-01 +/- 8.57e-02, learning rate = 1.97e-07, avg iter time = 1.13e-01 sec.
	Iter: 2300, q = 1.01e+00 +/- 1.05e-01, dq = 1.16e-01 +/- 8.74e-02, learning rate = 1.97e-07, avg iter time = 1.16e-01 sec.
	Iter: 2400, q = 1.01e+00 +/- 1.03e-01, dq = 1.14e-01 +/- 8.76e-02, learning rate = 1.97e-07, avg iter time = 1.16e-01 sec.
	Iter: 2500, q = 1.01e+00 +/- 1.05e-01, dq = 1.16e-01 +/- 8.90e-02, learning rate = 1.97e-07, avg iter time = 1.17e-01 sec.
	Iter: 2600, q = 1.01e+00 +/- 1.03e-01, dq = 1.15e-01 +/- 8.71e-02, learning rate = 1.97e-07, avg iter time = 1.18e-01 sec.
	Iter: 2700, q = 1.01e+00 +/- 1.05e-01, dq = 1.18e-01 +/- 8.75e-02, learning rate = 1.97e-07, avg iter time = 1.20e-01 sec.
	Iter: 2800, q = 1.01e+00 +/- 1.05e-01, dq = 1.18e-01 +/- 8.85e-02, learning rate = 1.97e-07, avg iter time = 1.20e-01 sec.
	Iter: 2900, q = 1.01e+00 +/- 1.01e-01, dq = 1.14e-01 +/- 8.78e-02, learning rate = 1.97e-07, avg iter time = 1.20e-01 sec.
	Iter: 3000, q = 1.01e+00 +/- 1.02e-01, dq = 1.16e-01 +/- 8.56e-02, learning rate = 1.97e-07, avg iter time = 1.21e-01 sec.
	Iter: 3100, q = 1.01e+00 +/- 1.04e-01, dq = 1.11e-01 +/- 8.62e-02, learning rate = 1.97e-07, avg iter time = 1.21e-01 sec.
	Iter: 3200, q = 1.01e+00 +/- 1.03e-01, dq = 1.14e-01 +/- 8.83e-02, learning rate = 1.97e-07, avg iter time = 1.21e-01 sec.
	Iter: 3300, q = 1.01e+00 +/- 1.04e-01, dq = 1.11e-01 +/- 8.46e-02, learning rate = 1.97e-07, avg iter time = 1.20e-01 sec.
	Iter: 3400, q = 1.01e+00 +/- 1.02e-01, dq = 1.17e-01 +/- 8.90e-02, learning rate = 1.97e-07, avg iter time = 1.20e-01 sec.
	Iter: 3500, q = 1.00e+00 +/- 1.01e-01, dq = 1.12e-01 +/- 8.48e-02, learning rate = 1.97e-07, avg iter time = 1.20e-01 sec.
	Iter: 3600, q = 1.01e+00 +/- 1.03e-01, dq = 1.15e-01 +/- 8.32e-02, learning rate = 1.97e-07, avg iter time = 1.20e-01 sec.
	Iter: 3700, q = 1.01e+00 +/- 1.02e-01, dq = 1.13e-01 +/- 8.51e-02, learning rate = 1.97e-07, avg iter time = 1.20e-01 sec.
	Iter: 3800, q = 1.01e+00 +/- 1.01e-01, dq = 1.11e-01 +/- 8.35e-02, learning rate = 1.97e-07, avg iter time = 1.19e-01 sec.
	Iter: 3900, q = 1.01e+00 +/- 1.03e-01, dq = 1.15e-01 +/- 9.11e-02, learning rate = 1.97e-07, avg iter time = 1.19e-01 sec.
	Iter: 4000, q = 1.01e+00 +/- 1.02e-01, dq = 1.13e-01 +/- 9.04e-02, learning rate = 1.97e-07, avg iter time = 1.19e-01 sec.
	Iter: 4100, q = 1.01e+00 +/- 1.04e-01, dq = 1.13e-01 +/- 8.76e-02, learning rate = 1.97e-07, avg iter time = 1.19e-01 sec.
	Iter: 4200, q = 1.01e+00 +/- 1.01e-01, dq = 1.15e-01 +/- 8.64e-02, learning rate = 1.97e-07, avg iter time = 1.20e-01 sec.
	Iter: 4300, q = 1.01e+00 +/- 1.07e-01, dq = 1.20e-01 +/- 8.61e-02, learning rate = 1.97e-07, avg iter time = 1.19e-01 sec.
	Iter: 4400, q = 1.01e+00 +/- 1.01e-01, dq = 1.12e-01 +/- 8.62e-02, learning rate = 1.97e-07, avg iter time = 1.19e-01 sec.
	Iter: 4500, q = 1.01e+00 +/- 1.02e-01, dq = 1.13e-01 +/- 8.81e-02, learning rate = 1.97e-07, avg iter time = 1.18e-01 sec.
	Iter: 4600, q = 1.02e+00 +/- 1.03e-01, dq = 1.12e-01 +/- 8.69e-02, learning rate = 1.97e-07, avg iter time = 1.18e-01 sec.
	Iter: 4700, q = 1.00e+00 +/- 1.05e-01, dq = 1.14e-01 +/- 8.56e-02, learning rate = 1.97e-07, avg iter time = 1.18e-01 sec.
	Iter: 4800, q = 1.01e+00 +/- 1.00e-01, dq = 1.12e-01 +/- 8.36e-02, learning rate = 1.97e-07, avg iter time = 1.18e-01 sec.
	Iter: 4900, q = 1.02e+00 +/- 1.05e-01, dq = 1.17e-01 +/- 8.64e-02, learning rate = 1.97e-07, avg iter time = 1.18e-01 sec.
	Iter: 5000, q = 1.01e+00 +/- 1.03e-01, dq = 1.09e-01 +/- 8.05e-02, learning rate = 1.97e-07, avg iter time = 1.19e-01 sec.
	Maximum iteration count reached. Terminating.
		5000 iters
		q = 1.01e+00 +/- 1.03e-01
		dq = 1.09e-01 +/- 8.05e-02
		learning rate = 1.97e-07
		avg iter time = 1.19e-01 sec
	Identified 1000 unique fixed points.
		initial_states: 0 outliers detected (of 1000).
		fixed points: 0 outliers detected (of 1000).
	Fixed point finding complete.

[2025-02-19 07:45:45,816][HYDRA] 	#4 : job_num=4

Searching for fixed points from 1000 initial states.

	Finding fixed points via joint optimization.
	Iter: 100, q = 1.28e+00 +/- 1.29e-01, dq = 1.41e-01 +/- 1.08e-01, learning rate = 6.63e-01, avg iter time = 1.41e-01 sec.
	Iter: 200, q = 1.16e+00 +/- 1.20e-01, dq = 1.28e-01 +/- 9.99e-02, learning rate = 3.77e-01, avg iter time = 1.44e-01 sec.
	Iter: 300, q = 1.07e+00 +/- 1.04e-01, dq = 1.17e-01 +/- 9.26e-02, learning rate = 1.66e-01, avg iter time = 1.30e-01 sec.
	Iter: 400, q = 1.03e+00 +/- 9.84e-02, dq = 1.12e-01 +/- 8.77e-02, learning rate = 5.66e-02, avg iter time = 1.28e-01 sec.
	Iter: 500, q = 1.01e+00 +/- 1.01e-01, dq = 1.09e-01 +/- 8.44e-02, learning rate = 1.65e-02, avg iter time = 1.26e-01 sec.
	Iter: 600, q = 1.00e+00 +/- 9.88e-02, dq = 1.16e-01 +/- 8.92e-02, learning rate = 3.54e-03, avg iter time = 1.24e-01 sec.
	Iter: 700, q = 1.01e+00 +/- 9.38e-02, dq = 1.08e-01 +/- 8.18e-02, learning rate = 7.23e-04, avg iter time = 1.21e-01 sec.
	Iter: 800, q = 1.00e+00 +/- 1.03e-01, dq = 1.17e-01 +/- 8.68e-02, learning rate = 1.26e-04, avg iter time = 1.22e-01 sec.
	Iter: 900, q = 1.00e+00 +/- 1.02e-01, dq = 1.14e-01 +/- 8.75e-02, learning rate = 2.45e-05, avg iter time = 1.20e-01 sec.
	Iter: 1000, q = 1.01e+00 +/- 1.01e-01, dq = 1.14e-01 +/- 8.76e-02, learning rate = 4.50e-06, avg iter time = 1.20e-01 sec.
	Iter: 1100, q = 1.00e+00 +/- 9.79e-02, dq = 1.14e-01 +/- 8.90e-02, learning rate = 8.29e-07, avg iter time = 1.19e-01 sec.
	Iter: 1200, q = 1.01e+00 +/- 1.03e-01, dq = 1.15e-01 +/- 8.63e-02, learning rate = 1.97e-07, avg iter time = 1.17e-01 sec.
	Iter: 1300, q = 1.00e+00 +/- 9.99e-02, dq = 1.14e-01 +/- 8.42e-02, learning rate = 1.97e-07, avg iter time = 1.17e-01 sec.
	Iter: 1400, q = 1.00e+00 +/- 1.04e-01, dq = 1.10e-01 +/- 8.66e-02, learning rate = 1.97e-07, avg iter time = 1.17e-01 sec.
	Iter: 1500, q = 1.01e+00 +/- 1.01e-01, dq = 1.13e-01 +/- 8.50e-02, learning rate = 1.97e-07, avg iter time = 1.16e-01 sec.
	Iter: 1600, q = 1.01e+00 +/- 9.83e-02, dq = 1.13e-01 +/- 8.67e-02, learning rate = 1.97e-07, avg iter time = 1.16e-01 sec.
	Iter: 1700, q = 1.00e+00 +/- 1.03e-01, dq = 1.19e-01 +/- 9.00e-02, learning rate = 1.97e-07, avg iter time = 1.16e-01 sec.
	Iter: 1800, q = 1.00e+00 +/- 1.02e-01, dq = 1.13e-01 +/- 8.66e-02, learning rate = 1.97e-07, avg iter time = 1.15e-01 sec.
	Iter: 1900, q = 1.01e+00 +/- 1.00e-01, dq = 1.15e-01 +/- 8.67e-02, learning rate = 1.97e-07, avg iter time = 1.16e-01 sec.
	Iter: 2000, q = 1.00e+00 +/- 1.02e-01, dq = 1.13e-01 +/- 8.62e-02, learning rate = 1.97e-07, avg iter time = 1.15e-01 sec.
	Iter: 2100, q = 1.01e+00 +/- 1.02e-01, dq = 1.10e-01 +/- 8.39e-02, learning rate = 1.97e-07, avg iter time = 1.15e-01 sec.
	Iter: 2200, q = 1.01e+00 +/- 1.03e-01, dq = 1.15e-01 +/- 8.29e-02, learning rate = 1.97e-07, avg iter time = 1.15e-01 sec.
	Iter: 2300, q = 1.01e+00 +/- 1.02e-01, dq = 1.11e-01 +/- 8.82e-02, learning rate = 1.97e-07, avg iter time = 1.15e-01 sec.
	Iter: 2400, q = 1.00e+00 +/- 9.80e-02, dq = 1.12e-01 +/- 8.71e-02, learning rate = 1.97e-07, avg iter time = 1.14e-01 sec.
	Iter: 2500, q = 1.01e+00 +/- 1.01e-01, dq = 1.13e-01 +/- 8.83e-02, learning rate = 1.97e-07, avg iter time = 1.14e-01 sec.
	Iter: 2600, q = 1.01e+00 +/- 1.02e-01, dq = 1.15e-01 +/- 8.95e-02, learning rate = 1.97e-07, avg iter time = 1.13e-01 sec.
	Iter: 2700, q = 9.97e-01 +/- 1.02e-01, dq = 1.15e-01 +/- 8.80e-02, learning rate = 1.97e-07, avg iter time = 1.13e-01 sec.
	Iter: 2800, q = 1.00e+00 +/- 9.99e-02, dq = 1.16e-01 +/- 8.94e-02, learning rate = 1.97e-07, avg iter time = 1.14e-01 sec.
	Iter: 2900, q = 1.01e+00 +/- 1.02e-01, dq = 1.12e-01 +/- 8.43e-02, learning rate = 1.97e-07, avg iter time = 1.13e-01 sec.
	Iter: 3000, q = 1.00e+00 +/- 9.99e-02, dq = 1.18e-01 +/- 8.77e-02, learning rate = 1.97e-07, avg iter time = 1.13e-01 sec.
	Iter: 3100, q = 1.00e+00 +/- 9.79e-02, dq = 1.19e-01 +/- 8.90e-02, learning rate = 1.97e-07, avg iter time = 1.13e-01 sec.
	Iter: 3200, q = 1.01e+00 +/- 9.97e-02, dq = 1.17e-01 +/- 8.34e-02, learning rate = 1.97e-07, avg iter time = 1.13e-01 sec.
	Iter: 3300, q = 1.00e+00 +/- 1.02e-01, dq = 1.10e-01 +/- 8.37e-02, learning rate = 1.97e-07, avg iter time = 1.13e-01 sec.
	Iter: 3400, q = 1.00e+00 +/- 1.04e-01, dq = 1.13e-01 +/- 8.59e-02, learning rate = 1.97e-07, avg iter time = 1.13e-01 sec.
	Iter: 3500, q = 1.00e+00 +/- 1.02e-01, dq = 1.11e-01 +/- 8.38e-02, learning rate = 1.97e-07, avg iter time = 1.13e-01 sec.
	Iter: 3600, q = 1.01e+00 +/- 9.97e-02, dq = 1.13e-01 +/- 8.22e-02, learning rate = 1.97e-07, avg iter time = 1.13e-01 sec.
	Iter: 3700, q = 1.01e+00 +/- 1.00e-01, dq = 1.11e-01 +/- 8.48e-02, learning rate = 1.97e-07, avg iter time = 1.13e-01 sec.
	Iter: 3800, q = 1.01e+00 +/- 1.03e-01, dq = 1.16e-01 +/- 8.91e-02, learning rate = 1.97e-07, avg iter time = 1.13e-01 sec.
	Iter: 3900, q = 1.01e+00 +/- 1.00e-01, dq = 1.15e-01 +/- 8.92e-02, learning rate = 1.97e-07, avg iter time = 1.13e-01 sec.
	Iter: 4000, q = 1.00e+00 +/- 1.01e-01, dq = 1.13e-01 +/- 8.53e-02, learning rate = 1.97e-07, avg iter time = 1.13e-01 sec.
	Iter: 4100, q = 1.01e+00 +/- 1.03e-01, dq = 1.13e-01 +/- 8.87e-02, learning rate = 1.97e-07, avg iter time = 1.14e-01 sec.
	Iter: 4200, q = 1.00e+00 +/- 9.89e-02, dq = 1.14e-01 +/- 8.50e-02, learning rate = 1.97e-07, avg iter time = 1.15e-01 sec.
	Iter: 4300, q = 1.01e+00 +/- 1.03e-01, dq = 1.14e-01 +/- 8.35e-02, learning rate = 1.97e-07, avg iter time = 1.15e-01 sec.
	Iter: 4400, q = 1.01e+00 +/- 1.05e-01, dq = 1.14e-01 +/- 8.85e-02, learning rate = 1.97e-07, avg iter time = 1.15e-01 sec.
	Iter: 4500, q = 1.00e+00 +/- 9.74e-02, dq = 1.10e-01 +/- 8.37e-02, learning rate = 1.97e-07, avg iter time = 1.15e-01 sec.
	Iter: 4600, q = 1.00e+00 +/- 1.02e-01, dq = 1.13e-01 +/- 8.56e-02, learning rate = 1.97e-07, avg iter time = 1.15e-01 sec.
	Iter: 4700, q = 1.00e+00 +/- 9.61e-02, dq = 1.08e-01 +/- 8.45e-02, learning rate = 1.97e-07, avg iter time = 1.15e-01 sec.
	Iter: 4800, q = 1.01e+00 +/- 9.84e-02, dq = 1.12e-01 +/- 8.25e-02, learning rate = 1.97e-07, avg iter time = 1.15e-01 sec.
	Iter: 4900, q = 1.00e+00 +/- 1.06e-01, dq = 1.16e-01 +/- 9.21e-02, learning rate = 1.97e-07, avg iter time = 1.15e-01 sec.
	Iter: 5000, q = 1.01e+00 +/- 9.65e-02, dq = 1.10e-01 +/- 8.28e-02, learning rate = 1.97e-07, avg iter time = 1.15e-01 sec.
	Maximum iteration count reached. Terminating.
		5000 iters
		q = 1.01e+00 +/- 9.65e-02
		dq = 1.10e-01 +/- 8.28e-02
		learning rate = 1.97e-07
		avg iter time = 1.15e-01 sec
	Identified 1000 unique fixed points.
		initial_states: 0 outliers detected (of 1000).
		fixed points: 0 outliers detected (of 1000).
	Fixed point finding complete.


Searching for fixed points from 1000 initial states.

	Finding fixed points via joint optimization.
	Iter: 100, q = 1.30e+00 +/- 1.33e-01, dq = 1.44e-01 +/- 1.12e-01, learning rate = 7.35e-01, avg iter time = 9.93e-02 sec.
	Iter: 200, q = 1.17e+00 +/- 1.24e-01, dq = 1.28e-01 +/- 9.96e-02, learning rate = 3.77e-01, avg iter time = 1.15e-01 sec.
	Iter: 300, q = 1.08e+00 +/- 1.08e-01, dq = 1.24e-01 +/- 9.36e-02, learning rate = 1.84e-01, avg iter time = 1.13e-01 sec.
	Iter: 400, q = 1.04e+00 +/- 1.03e-01, dq = 1.12e-01 +/- 8.86e-02, learning rate = 6.94e-02, avg iter time = 1.15e-01 sec.
	Iter: 500, q = 1.02e+00 +/- 1.05e-01, dq = 1.10e-01 +/- 8.67e-02, learning rate = 2.03e-02, avg iter time = 1.11e-01 sec.
	Iter: 600, q = 1.01e+00 +/- 1.04e-01, dq = 1.12e-01 +/- 8.41e-02, learning rate = 4.58e-03, avg iter time = 1.09e-01 sec.
	Iter: 700, q = 1.01e+00 +/- 1.03e-01, dq = 1.14e-01 +/- 8.77e-02, learning rate = 8.87e-04, avg iter time = 1.08e-01 sec.
	Iter: 800, q = 1.01e+00 +/- 9.89e-02, dq = 1.13e-01 +/- 8.38e-02, learning rate = 1.63e-04, avg iter time = 1.06e-01 sec.
	Iter: 900, q = 1.01e+00 +/- 1.05e-01, dq = 1.11e-01 +/- 8.83e-02, learning rate = 3.01e-05, avg iter time = 1.05e-01 sec.
	Iter: 1000, q = 1.01e+00 +/- 1.03e-01, dq = 1.14e-01 +/- 8.84e-02, learning rate = 5.82e-06, avg iter time = 1.05e-01 sec.
	Iter: 1100, q = 1.01e+00 +/- 9.93e-02, dq = 1.11e-01 +/- 8.54e-02, learning rate = 1.02e-06, avg iter time = 1.04e-01 sec.
	Iter: 1200, q = 1.01e+00 +/- 1.01e-01, dq = 1.09e-01 +/- 7.98e-02, learning rate = 1.97e-07, avg iter time = 1.03e-01 sec.
	Iter: 1300, q = 1.01e+00 +/- 1.08e-01, dq = 1.17e-01 +/- 8.85e-02, learning rate = 1.97e-07, avg iter time = 1.03e-01 sec.
	Iter: 1400, q = 1.01e+00 +/- 1.03e-01, dq = 1.14e-01 +/- 8.63e-02, learning rate = 1.97e-07, avg iter time = 1.03e-01 sec.
	Iter: 1500, q = 1.01e+00 +/- 1.02e-01, dq = 1.10e-01 +/- 8.30e-02, learning rate = 1.97e-07, avg iter time = 1.03e-01 sec.
	Iter: 1600, q = 1.01e+00 +/- 1.06e-01, dq = 1.13e-01 +/- 8.52e-02, learning rate = 1.97e-07, avg iter time = 1.04e-01 sec.
	Iter: 1700, q = 1.01e+00 +/- 1.04e-01, dq = 1.14e-01 +/- 8.69e-02, learning rate = 1.97e-07, avg iter time = 1.04e-01 sec.
	Iter: 1800, q = 1.01e+00 +/- 1.07e-01, dq = 1.16e-01 +/- 9.07e-02, learning rate = 1.97e-07, avg iter time = 1.04e-01 sec.
	Iter: 1900, q = 1.01e+00 +/- 1.03e-01, dq = 1.17e-01 +/- 8.85e-02, learning rate = 1.97e-07, avg iter time = 1.05e-01 sec.
	Iter: 2000, q = 1.01e+00 +/- 9.99e-02, dq = 1.14e-01 +/- 8.47e-02, learning rate = 1.97e-07, avg iter time = 1.04e-01 sec.
	Iter: 2100, q = 1.01e+00 +/- 9.83e-02, dq = 1.14e-01 +/- 8.66e-02, learning rate = 1.97e-07, avg iter time = 1.04e-01 sec.
	Iter: 2200, q = 1.01e+00 +/- 1.06e-01, dq = 1.15e-01 +/- 8.39e-02, learning rate = 1.97e-07, avg iter time = 1.03e-01 sec.
	Iter: 2300, q = 1.01e+00 +/- 1.00e-01, dq = 1.10e-01 +/- 8.44e-02, learning rate = 1.97e-07, avg iter time = 1.03e-01 sec.
	Iter: 2400, q = 1.01e+00 +/- 1.03e-01, dq = 1.17e-01 +/- 8.82e-02, learning rate = 1.97e-07, avg iter time = 1.03e-01 sec.
	Iter: 2500, q = 1.00e+00 +/- 1.04e-01, dq = 1.15e-01 +/- 8.31e-02, learning rate = 1.97e-07, avg iter time = 1.03e-01 sec.
	Iter: 2600, q = 1.01e+00 +/- 1.02e-01, dq = 1.12e-01 +/- 8.41e-02, learning rate = 1.97e-07, avg iter time = 1.03e-01 sec.
	Iter: 2700, q = 1.01e+00 +/- 1.03e-01, dq = 1.15e-01 +/- 8.32e-02, learning rate = 1.97e-07, avg iter time = 1.03e-01 sec.
	Iter: 2800, q = 1.00e+00 +/- 1.01e-01, dq = 1.13e-01 +/- 8.87e-02, learning rate = 1.97e-07, avg iter time = 1.03e-01 sec.
	Iter: 2900, q = 1.01e+00 +/- 1.05e-01, dq = 1.15e-01 +/- 9.14e-02, learning rate = 1.97e-07, avg iter time = 1.03e-01 sec.
	Iter: 3000, q = 1.01e+00 +/- 1.03e-01, dq = 1.11e-01 +/- 8.56e-02, learning rate = 1.97e-07, avg iter time = 1.03e-01 sec.
	Iter: 3100, q = 1.01e+00 +/- 1.07e-01, dq = 1.14e-01 +/- 8.65e-02, learning rate = 1.97e-07, avg iter time = 1.03e-01 sec.
	Iter: 3200, q = 1.02e+00 +/- 1.05e-01, dq = 1.20e-01 +/- 8.96e-02, learning rate = 1.97e-07, avg iter time = 1.03e-01 sec.
	Iter: 3300, q = 1.02e+00 +/- 1.07e-01, dq = 1.20e-01 +/- 8.71e-02, learning rate = 1.97e-07, avg iter time = 1.03e-01 sec.
	Iter: 3400, q = 1.01e+00 +/- 1.03e-01, dq = 1.20e-01 +/- 8.92e-02, learning rate = 1.97e-07, avg iter time = 1.03e-01 sec.
	Iter: 3500, q = 1.01e+00 +/- 1.02e-01, dq = 1.15e-01 +/- 8.55e-02, learning rate = 1.97e-07, avg iter time = 1.03e-01 sec.
	Iter: 3600, q = 1.01e+00 +/- 1.04e-01, dq = 1.17e-01 +/- 9.17e-02, learning rate = 1.97e-07, avg iter time = 1.03e-01 sec.
	Iter: 3700, q = 1.02e+00 +/- 1.04e-01, dq = 1.19e-01 +/- 8.77e-02, learning rate = 1.97e-07, avg iter time = 1.03e-01 sec.
	Iter: 3800, q = 1.01e+00 +/- 1.02e-01, dq = 1.12e-01 +/- 8.63e-02, learning rate = 1.97e-07, avg iter time = 1.03e-01 sec.
	Iter: 3900, q = 1.01e+00 +/- 9.89e-02, dq = 1.12e-01 +/- 8.48e-02, learning rate = 1.97e-07, avg iter time = 1.03e-01 sec.
	Iter: 4000, q = 1.01e+00 +/- 9.70e-02, dq = 1.09e-01 +/- 8.27e-02, learning rate = 1.97e-07, avg iter time = 1.03e-01 sec.
	Iter: 4100, q = 1.01e+00 +/- 1.04e-01, dq = 1.18e-01 +/- 8.80e-02, learning rate = 1.97e-07, avg iter time = 1.03e-01 sec.
	Iter: 4200, q = 1.01e+00 +/- 1.04e-01, dq = 1.15e-01 +/- 8.71e-02, learning rate = 1.97e-07, avg iter time = 1.03e-01 sec.
	Iter: 4300, q = 1.01e+00 +/- 1.01e-01, dq = 1.10e-01 +/- 8.53e-02, learning rate = 1.97e-07, avg iter time = 1.03e-01 sec.
	Iter: 4400, q = 1.01e+00 +/- 1.06e-01, dq = 1.19e-01 +/- 9.26e-02, learning rate = 1.97e-07, avg iter time = 1.03e-01 sec.
	Iter: 4500, q = 1.01e+00 +/- 1.00e-01, dq = 1.13e-01 +/- 8.84e-02, learning rate = 1.97e-07, avg iter time = 1.03e-01 sec.
	Iter: 4600, q = 1.01e+00 +/- 1.03e-01, dq = 1.11e-01 +/- 8.48e-02, learning rate = 1.97e-07, avg iter time = 1.03e-01 sec.
	Iter: 4700, q = 1.01e+00 +/- 1.04e-01, dq = 1.17e-01 +/- 8.99e-02, learning rate = 1.97e-07, avg iter time = 1.03e-01 sec.
	Iter: 4800, q = 1.01e+00 +/- 1.03e-01, dq = 1.09e-01 +/- 8.54e-02, learning rate = 1.97e-07, avg iter time = 1.03e-01 sec.
	Iter: 4900, q = 1.01e+00 +/- 1.02e-01, dq = 1.13e-01 +/- 8.70e-02, learning rate = 1.97e-07, avg iter time = 1.03e-01 sec.
	Iter: 5000, q = 1.01e+00 +/- 1.04e-01, dq = 1.15e-01 +/- 8.68e-02, learning rate = 1.97e-07, avg iter time = 1.03e-01 sec.
	Maximum iteration count reached. Terminating.
		5000 iters
		q = 1.01e+00 +/- 1.04e-01
		dq = 1.15e-01 +/- 8.68e-02
		learning rate = 1.97e-07
		avg iter time = 1.03e-01 sec
	Identified 1000 unique fixed points.
		initial_states: 0 outliers detected (of 1000).
		fixed points: 0 outliers detected (of 1000).
	Fixed point finding complete.

/home/stef/neuromod25/.venv/lib/python3.8/site-packages/torch/_utils.py:776: UserWarning: TypedStorage is deprecated. It will be removed in the future and UntypedStorage will be the only storage class. This should only matter to you if you are using storages directly.  To access UntypedStorage directly, use tensor.untyped_storage() instead of tensor.storage()
  return self.fget.__get__(instance, owner)()
